<?xml version="1.0" encoding="UTF-8"?>
<robot generator="Robot 7.4.2 (Python 3.14.3 on win32)" generated="2026-05-14T12:02:51.317155" rpa="false" schemaversion="5">
<suite id="s1" name="Rf Gen 1778754202" source="C:\Users\youne\Downloads\rf_generator\output\robot_files\rf_gen_1778754202.robot">
<test id="s1-t1" name="TC-001 Login réussi avec un utilisateur standard" line="74">
<kw name="Open App And Login">
<kw name="Replace String" owner="String">
<msg time="2026-05-14T12:02:51.492887" level="INFO">${_pre} = TC-001 Login réussi avec un utilisateur standard</msg>
<var>${_pre}</var>
<arg>${TEST NAME}</arg>
<arg>"</arg>
<arg>_</arg>
<doc>Replaces ``search_for`` in the given ``string`` with ``replace_with``.</doc>
<status status="PASS" start="2026-05-14T12:02:51.492652" elapsed="0.000266"/>
</kw>
<kw name="Evaluate" owner="BuiltIn">
<msg time="2026-05-14T12:02:51.493421" level="INFO">${_safe} = TC-001 Login réussi avec un utilisateur standard</msg>
<var>${_safe}</var>
<arg>''.join('_' if c in r'&lt;&gt;:"/\|?*()' else c for c in """${_pre}""")</arg>
<doc>Evaluates the given expression in Python and returns the result.</doc>
<status status="PASS" start="2026-05-14T12:02:51.493037" elapsed="0.000410"/>
</kw>
<kw name="Open Browser" owner="SeleniumLibrary">
<msg time="2026-05-14T12:02:51.493749" level="INFO">Opening browser 'chrome' to base url 'https://www.saucedemo.com/'.</msg>
<arg>${BASE_URL}</arg>
<arg>chrome</arg>
<arg>options=add_argument("--incognito");add_argument("--disable-popup-blocking")</arg>
<doc>Opens a new browser instance to the optional ``url``.</doc>
<status status="PASS" start="2026-05-14T12:02:51.493557" elapsed="3.130189"/>
</kw>
<kw name="Set Window Size" owner="SeleniumLibrary">
<arg>1920</arg>
<arg>1080</arg>
<doc>Sets current windows size to given ``width`` and ``height``.</doc>
<status status="PASS" start="2026-05-14T12:02:54.624001" elapsed="0.375821"/>
</kw>
<kw name="Set Screenshot Directory" owner="SeleniumLibrary">
<arg>${SCREENSHOT_ROOT}</arg>
<doc>Sets the directory for captured screenshots.</doc>
<status status="PASS" start="2026-05-14T12:02:55.000186" elapsed="0.000471"/>
</kw>
<kw name="Sleep" owner="BuiltIn">
<msg time="2026-05-14T12:02:58.001793" level="INFO">Slept 3 seconds.</msg>
<arg>3s</arg>
<doc>Pauses the test executed for the given time.</doc>
<status status="PASS" start="2026-05-14T12:02:55.000804" elapsed="3.001284"/>
</kw>
<kw name="Capture Page Screenshot" owner="SeleniumLibrary">
<msg time="2026-05-14T12:02:58.147421" level="INFO" html="true">&lt;/td&gt;&lt;/tr&gt;&lt;tr&gt;&lt;td colspan="3"&gt;&lt;a href="output/screenshots/TC-001%20Login%20r%C3%A9ussi%20avec%20un%20utilisateur%20standard_initial.png"&gt;&lt;img src="output/screenshots/TC-001%20Login%20r%C3%A9ussi%20avec%20un%20utilisateur%20standard_initial.png" width="800px"&gt;&lt;/a&gt;</msg>
<arg>${_safe}_initial.png</arg>
<doc>Takes a screenshot of the current page and embeds it into a log file.</doc>
<status status="PASS" start="2026-05-14T12:02:58.002535" elapsed="0.145029"/>
</kw>
<kw name="Wait Until Element Is Visible" owner="SeleniumLibrary">
<arg>xpath://input[@placeholder='Username']</arg>
<arg>15s</arg>
<doc>Waits until the element ``locator`` is visible.</doc>
<status status="PASS" start="2026-05-14T12:02:58.147757" elapsed="0.029244"/>
</kw>
<kw name="Input Text" owner="SeleniumLibrary">
<msg time="2026-05-14T12:02:58.177558" level="INFO">Typing text 'standard_user' into text field 'xpath://input[@placeholder='Username']'.</msg>
<arg>xpath://input[@placeholder='Username']</arg>
<arg>${username}</arg>
<doc>Types the given ``text`` into the text field identified by ``locator``.</doc>
<status status="PASS" start="2026-05-14T12:02:58.177252" elapsed="0.175378"/>
</kw>
<kw name="Wait Until Element Is Visible" owner="SeleniumLibrary">
<arg>xpath://input[@type='password']</arg>
<arg>15s</arg>
<doc>Waits until the element ``locator`` is visible.</doc>
<status status="PASS" start="2026-05-14T12:02:58.352883" elapsed="0.022074"/>
</kw>
<kw name="Input Text" owner="SeleniumLibrary">
<msg time="2026-05-14T12:02:58.375494" level="INFO">Typing text 'secret_sauce' into text field 'xpath://input[@type='password']'.</msg>
<arg>xpath://input[@type='password']</arg>
<arg>${password}</arg>
<doc>Types the given ``text`` into the text field identified by ``locator``.</doc>
<status status="PASS" start="2026-05-14T12:02:58.375183" elapsed="0.067406"/>
</kw>
<kw name="Wait Until Element Is Visible" owner="SeleniumLibrary">
<arg>xpath://*[@type='submit']</arg>
<arg>15s</arg>
<doc>Waits until the element ``locator`` is visible.</doc>
<status status="PASS" start="2026-05-14T12:02:58.442893" elapsed="0.015431"/>
</kw>
<kw name="Click Element" owner="SeleniumLibrary">
<msg time="2026-05-14T12:02:58.458810" level="INFO">Clicking element 'xpath://*[@type='submit']'.</msg>
<arg>xpath://*[@type='submit']</arg>
<doc>Click the element identified by ``locator``.</doc>
<status status="PASS" start="2026-05-14T12:02:58.458564" elapsed="0.087959"/>
</kw>
<kw name="Sleep" owner="BuiltIn">
<msg time="2026-05-14T12:03:00.547850" level="INFO">Slept 2 seconds.</msg>
<arg>2s</arg>
<doc>Pauses the test executed for the given time.</doc>
<status status="PASS" start="2026-05-14T12:02:58.546774" elapsed="2.001376"/>
</kw>
<kw name="Run Keyword And Return Status" owner="BuiltIn">
<kw name="Wait Until Page Contains" owner="SeleniumLibrary">
<arg>Products</arg>
<arg>8s</arg>
<doc>Waits until ``text`` appears on the current page.</doc>
<status status="PASS" start="2026-05-14T12:03:00.549847" elapsed="0.026002"/>
</kw>
<arg>Wait Until Page Contains</arg>
<arg>Products</arg>
<arg>8s</arg>
<doc>Runs the specified keyword and returns the status as a Boolean value.</doc>
<status status="PASS" start="2026-05-14T12:03:00.548726" elapsed="0.027278"/>
</kw>
<kw name="Capture Page Screenshot" owner="SeleniumLibrary">
<msg time="2026-05-14T12:03:00.778180" level="INFO" html="true">&lt;/td&gt;&lt;/tr&gt;&lt;tr&gt;&lt;td colspan="3"&gt;&lt;a href="output/screenshots/TC-001%20Login%20r%C3%A9ussi%20avec%20un%20utilisateur%20standard_after_login.png"&gt;&lt;img src="output/screenshots/TC-001%20Login%20r%C3%A9ussi%20avec%20un%20utilisateur%20standard_after_login.png" width="800px"&gt;&lt;/a&gt;</msg>
<arg>${_safe}_after_login.png</arg>
<doc>Takes a screenshot of the current page and embeds it into a log file.</doc>
<status status="PASS" start="2026-05-14T12:03:00.576203" elapsed="0.202132"/>
</kw>
<arg>standard_user</arg>
<arg>secret_sauce</arg>
<status status="PASS" start="2026-05-14T12:02:51.492059" elapsed="9.286437"/>
</kw>
<kw name="Capture Page Screenshot" owner="SeleniumLibrary">
<msg time="2026-05-14T12:03:00.964686" level="INFO" html="true">&lt;/td&gt;&lt;/tr&gt;&lt;tr&gt;&lt;td colspan="3"&gt;&lt;a href="output/screenshots/TC-001_final.png"&gt;&lt;img src="output/screenshots/TC-001_final.png" width="800px"&gt;&lt;/a&gt;</msg>
<arg>TC-001_final.png</arg>
<doc>Takes a screenshot of the current page and embeds it into a log file.</doc>
<status status="PASS" start="2026-05-14T12:03:00.778883" elapsed="0.185958"/>
</kw>
<kw name="Run Keyword And Ignore Error" owner="BuiltIn" type="TEARDOWN">
<kw name="Close All Browsers" owner="SeleniumLibrary">
<doc>Closes all open browsers and resets the browser cache.</doc>
<status status="PASS" start="2026-05-14T12:03:00.965790" elapsed="2.150706"/>
</kw>
<arg>Close All Browsers</arg>
<doc>Runs the given keyword with the given arguments and ignores possible error.</doc>
<status status="PASS" start="2026-05-14T12:03:00.965366" elapsed="2.151368"/>
</kw>
<doc>Test case to verify successful login with standard user credentials</doc>
<status status="PASS" start="2026-05-14T12:02:51.491196" elapsed="11.626179"/>
</test>
<test id="s1-t2" name="TC-002 Login échoué avec identifiants invalides" line="79">
<kw name="Open Browser Only">
<kw name="Open Browser" owner="SeleniumLibrary">
<msg time="2026-05-14T12:03:03.121466" level="INFO">Opening browser 'chrome' to base url 'https://www.saucedemo.com/'.</msg>
<arg>${BASE_URL}</arg>
<arg>chrome</arg>
<arg>options=add_argument("--incognito");add_argument("--disable-popup-blocking")</arg>
<doc>Opens a new browser instance to the optional ``url``.</doc>
<status status="PASS" start="2026-05-14T12:03:03.121026" elapsed="3.846815"/>
</kw>
<kw name="Set Window Size" owner="SeleniumLibrary">
<arg>1920</arg>
<arg>1080</arg>
<doc>Sets current windows size to given ``width`` and ``height``.</doc>
<status status="PASS" start="2026-05-14T12:03:06.968097" elapsed="0.410880"/>
</kw>
<kw name="Set Screenshot Directory" owner="SeleniumLibrary">
<arg>${SCREENSHOT_ROOT}</arg>
<doc>Sets the directory for captured screenshots.</doc>
<status status="PASS" start="2026-05-14T12:03:07.379224" elapsed="0.000478"/>
</kw>
<status status="PASS" start="2026-05-14T12:03:03.120464" elapsed="4.259361"/>
</kw>
<kw name="Smart Input">
<kw name="Resolved Selector">
<kw name="Run Keyword And Return Status" owner="BuiltIn">
<kw name="Wait Until Element Is Visible" owner="SeleniumLibrary">
<arg>${primary}</arg>
<arg>15s</arg>
<doc>Waits until the element ``locator`` is visible.</doc>
<status status="PASS" start="2026-05-14T12:03:07.381243" elapsed="0.022995"/>
</kw>
<msg time="2026-05-14T12:03:07.404463" level="INFO">${ok} = True</msg>
<var>${ok}</var>
<arg>Wait Until Element Is Visible</arg>
<arg>${primary}</arg>
<arg>15s</arg>
<doc>Runs the specified keyword and returns the status as a Boolean value.</doc>
<status status="PASS" start="2026-05-14T12:03:07.380967" elapsed="0.023542"/>
</kw>
<if>
<branch type="IF" condition="${ok}">
<return>
<value>${primary}</value>
<status status="PASS" start="2026-05-14T12:03:07.404842" elapsed="0.000070"/>
</return>
<status status="PASS" start="2026-05-14T12:03:07.404689" elapsed="0.000298"/>
</branch>
<status status="PASS" start="2026-05-14T12:03:07.404639" elapsed="0.000404"/>
</if>
<kw name="Log" owner="BuiltIn">
<arg>Healing '${label}' (${role}) — primary selector not visible</arg>
<arg>level=WARN</arg>
<doc>Logs the given message with the given level.</doc>
<status status="NOT RUN" start="2026-05-14T12:03:07.405201" elapsed="0.000044"/>
</kw>
<kw name="Heal Selector By Label" owner="rf_agent.healer_runtime">
<var>${new}</var>
<arg>${label}</arg>
<arg>${role}</arg>
<doc>Robot keyword: find a fresh selector for an element matching (label, role)
in the live browser page. Returns "" when no match (caller decides — the
Smart wrappers then let the original failure surface to keep the test
honest).</doc>
<status status="NOT RUN" start="2026-05-14T12:03:07.405377" elapsed="0.000048"/>
</kw>
<kw name="Should Not Be Empty" owner="BuiltIn">
<arg>${new}</arg>
<arg>Could not heal '${label}' (${role}) — element not on page</arg>
<doc>Verifies that the given item is not empty.</doc>
<status status="NOT RUN" start="2026-05-14T12:03:07.405551" elapsed="0.000040"/>
</kw>
<kw name="Wait Until Element Is Visible" owner="SeleniumLibrary">
<arg>${new}</arg>
<arg>10s</arg>
<doc>Waits until the element ``locator`` is visible.</doc>
<status status="NOT RUN" start="2026-05-14T12:03:07.405717" elapsed="0.000030"/>
</kw>
<return>
<value>${new}</value>
<status status="NOT RUN" start="2026-05-14T12:03:07.405815" elapsed="0.000033"/>
</return>
<msg time="2026-05-14T12:03:07.406045" level="INFO">${sel} = xpath://input[@id='user-name']</msg>
<var>${sel}</var>
<arg>${label}</arg>
<arg>${role}</arg>
<arg>${primary}</arg>
<status status="PASS" start="2026-05-14T12:03:07.380714" elapsed="0.025374"/>
</kw>
<kw name="Input Text" owner="SeleniumLibrary">
<msg time="2026-05-14T12:03:07.406557" level="INFO">Typing text 'invalid_user' into text field 'xpath://input[@id='user-name']'.</msg>
<arg>${sel}</arg>
<arg>${value}</arg>
<doc>Types the given ``text`` into the text field identified by ``locator``.</doc>
<status status="PASS" start="2026-05-14T12:03:07.406241" elapsed="0.115989"/>
</kw>
<arg>Username</arg>
<arg>text_input</arg>
<arg>xpath://input[@id='user-name']</arg>
<arg>invalid_user</arg>
<status status="PASS" start="2026-05-14T12:03:07.380343" elapsed="0.142057"/>
</kw>
<kw name="Smart Input">
<kw name="Resolved Selector">
<kw name="Run Keyword And Return Status" owner="BuiltIn">
<kw name="Wait Until Element Is Visible" owner="SeleniumLibrary">
<arg>${primary}</arg>
<arg>15s</arg>
<doc>Waits until the element ``locator`` is visible.</doc>
<status status="PASS" start="2026-05-14T12:03:07.524366" elapsed="0.018506"/>
</kw>
<msg time="2026-05-14T12:03:07.543081" level="INFO">${ok} = True</msg>
<var>${ok}</var>
<arg>Wait Until Element Is Visible</arg>
<arg>${primary}</arg>
<arg>15s</arg>
<doc>Runs the specified keyword and returns the status as a Boolean value.</doc>
<status status="PASS" start="2026-05-14T12:03:07.523907" elapsed="0.019215"/>
</kw>
<if>
<branch type="IF" condition="${ok}">
<return>
<value>${primary}</value>
<status status="PASS" start="2026-05-14T12:03:07.543443" elapsed="0.000067"/>
</return>
<status status="PASS" start="2026-05-14T12:03:07.543297" elapsed="0.000282"/>
</branch>
<status status="PASS" start="2026-05-14T12:03:07.543251" elapsed="0.000379"/>
</if>
<kw name="Log" owner="BuiltIn">
<arg>Healing '${label}' (${role}) — primary selector not visible</arg>
<arg>level=WARN</arg>
<doc>Logs the given message with the given level.</doc>
<status status="NOT RUN" start="2026-05-14T12:03:07.543780" elapsed="0.000041"/>
</kw>
<kw name="Heal Selector By Label" owner="rf_agent.healer_runtime">
<var>${new}</var>
<arg>${label}</arg>
<arg>${role}</arg>
<doc>Robot keyword: find a fresh selector for an element matching (label, role)
in the live browser page. Returns "" when no match (caller decides — the
Smart wrappers then let the original failure surface to keep the test
honest).</doc>
<status status="NOT RUN" start="2026-05-14T12:03:07.543947" elapsed="0.000035"/>
</kw>
<kw name="Should Not Be Empty" owner="BuiltIn">
<arg>${new}</arg>
<arg>Could not heal '${label}' (${role}) — element not on page</arg>
<doc>Verifies that the given item is not empty.</doc>
<status status="NOT RUN" start="2026-05-14T12:03:07.544114" elapsed="0.000045"/>
</kw>
<kw name="Wait Until Element Is Visible" owner="SeleniumLibrary">
<arg>${new}</arg>
<arg>10s</arg>
<doc>Waits until the element ``locator`` is visible.</doc>
<status status="NOT RUN" start="2026-05-14T12:03:07.544285" elapsed="0.000031"/>
</kw>
<return>
<value>${new}</value>
<status status="NOT RUN" start="2026-05-14T12:03:07.544375" elapsed="0.000028"/>
</return>
<msg time="2026-05-14T12:03:07.544582" level="INFO">${sel} = xpath://input[@id='password']</msg>
<var>${sel}</var>
<arg>${label}</arg>
<arg>${role}</arg>
<arg>${primary}</arg>
<status status="PASS" start="2026-05-14T12:03:07.523477" elapsed="0.021139"/>
</kw>
<kw name="Input Text" owner="SeleniumLibrary">
<msg time="2026-05-14T12:03:07.545052" level="INFO">Typing text 'wrong_pass' into text field 'xpath://input[@id='password']'.</msg>
<arg>${sel}</arg>
<arg>${value}</arg>
<doc>Types the given ``text`` into the text field identified by ``locator``.</doc>
<status status="PASS" start="2026-05-14T12:03:07.544748" elapsed="0.081377"/>
</kw>
<arg>Password</arg>
<arg>password_input</arg>
<arg>xpath://input[@id='password']</arg>
<arg>wrong_pass</arg>
<status status="PASS" start="2026-05-14T12:03:07.522855" elapsed="0.103595"/>
</kw>
<kw name="Smart Click">
<kw name="Resolved Selector">
<kw name="Run Keyword And Return Status" owner="BuiltIn">
<kw name="Wait Until Element Is Visible" owner="SeleniumLibrary">
<arg>${primary}</arg>
<arg>15s</arg>
<doc>Waits until the element ``locator`` is visible.</doc>
<status status="PASS" start="2026-05-14T12:03:07.629493" elapsed="0.018751"/>
</kw>
<msg time="2026-05-14T12:03:07.648462" level="INFO">${ok} = True</msg>
<var>${ok}</var>
<arg>Wait Until Element Is Visible</arg>
<arg>${primary}</arg>
<arg>15s</arg>
<doc>Runs the specified keyword and returns the status as a Boolean value.</doc>
<status status="PASS" start="2026-05-14T12:03:07.628879" elapsed="0.019619"/>
</kw>
<if>
<branch type="IF" condition="${ok}">
<return>
<value>${primary}</value>
<status status="PASS" start="2026-05-14T12:03:07.648786" elapsed="0.000054"/>
</return>
<status status="PASS" start="2026-05-14T12:03:07.648637" elapsed="0.000259"/>
</branch>
<status status="PASS" start="2026-05-14T12:03:07.648602" elapsed="0.000343"/>
</if>
<kw name="Log" owner="BuiltIn">
<arg>Healing '${label}' (${role}) — primary selector not visible</arg>
<arg>level=WARN</arg>
<doc>Logs the given message with the given level.</doc>
<status status="NOT RUN" start="2026-05-14T12:03:07.649096" elapsed="0.000038"/>
</kw>
<kw name="Heal Selector By Label" owner="rf_agent.healer_runtime">
<var>${new}</var>
<arg>${label}</arg>
<arg>${role}</arg>
<doc>Robot keyword: find a fresh selector for an element matching (label, role)
in the live browser page. Returns "" when no match (caller decides — the
Smart wrappers then let the original failure surface to keep the test
honest).</doc>
<status status="NOT RUN" start="2026-05-14T12:03:07.649259" elapsed="0.000041"/>
</kw>
<kw name="Should Not Be Empty" owner="BuiltIn">
<arg>${new}</arg>
<arg>Could not heal '${label}' (${role}) — element not on page</arg>
<doc>Verifies that the given item is not empty.</doc>
<status status="NOT RUN" start="2026-05-14T12:03:07.649445" elapsed="0.000037"/>
</kw>
<kw name="Wait Until Element Is Visible" owner="SeleniumLibrary">
<arg>${new}</arg>
<arg>10s</arg>
<doc>Waits until the element ``locator`` is visible.</doc>
<status status="NOT RUN" start="2026-05-14T12:03:07.649604" elapsed="0.000031"/>
</kw>
<return>
<value>${new}</value>
<status status="NOT RUN" start="2026-05-14T12:03:07.649692" elapsed="0.000027"/>
</return>
<msg time="2026-05-14T12:03:07.649888" level="INFO">${sel} = xpath://input[@id='login-button']</msg>
<var>${sel}</var>
<arg>${label}</arg>
<arg>${role}</arg>
<arg>${primary}</arg>
<status status="PASS" start="2026-05-14T12:03:07.628230" elapsed="0.021695"/>
</kw>
<kw name="Click Element" owner="SeleniumLibrary">
<msg time="2026-05-14T12:03:07.650295" level="INFO">Clicking element 'xpath://input[@id='login-button']'.</msg>
<arg>${sel}</arg>
<doc>Click the element identified by ``locator``.</doc>
<status status="PASS" start="2026-05-14T12:03:07.650049" elapsed="0.076454"/>
</kw>
<arg>login-button</arg>
<arg>button</arg>
<arg>xpath://input[@id='login-button']</arg>
<status status="PASS" start="2026-05-14T12:03:07.627278" elapsed="0.099392"/>
</kw>
<kw name="Page Should Contain" owner="SeleniumLibrary">
<msg time="2026-05-14T12:03:07.743495" level="INFO">Current page contains text 'Epic sadface: Username and password do not match any user in this service'.</msg>
<arg>Epic sadface: Username and password do not match any user in this service</arg>
<doc>Verifies that current page contains ``text``.</doc>
<status status="PASS" start="2026-05-14T12:03:07.727160" elapsed="0.016478"/>
</kw>
<kw name="Capture Page Screenshot" owner="SeleniumLibrary">
<msg time="2026-05-14T12:03:07.853044" level="INFO" html="true">&lt;/td&gt;&lt;/tr&gt;&lt;tr&gt;&lt;td colspan="3"&gt;&lt;a href="output/screenshots/TC-002_final.png"&gt;&lt;img src="output/screenshots/TC-002_final.png" width="800px"&gt;&lt;/a&gt;</msg>
<arg>TC-002_final.png</arg>
<doc>Takes a screenshot of the current page and embeds it into a log file.</doc>
<status status="PASS" start="2026-05-14T12:03:07.744083" elapsed="0.109115"/>
</kw>
<kw name="Run Keyword And Ignore Error" owner="BuiltIn" type="TEARDOWN">
<kw name="Close All Browsers" owner="SeleniumLibrary">
<doc>Closes all open browsers and resets the browser cache.</doc>
<status status="PASS" start="2026-05-14T12:03:07.854106" elapsed="2.134803"/>
</kw>
<arg>Close All Browsers</arg>
<doc>Runs the given keyword with the given arguments and ignores possible error.</doc>
<status status="PASS" start="2026-05-14T12:03:07.853716" elapsed="2.135487"/>
</kw>
<doc>Test case to verify failed login with invalid credentials</doc>
<status status="PASS" start="2026-05-14T12:03:03.119235" elapsed="6.870628"/>
</test>
<test id="s1-t3" name="TC-003 Login bloqué pour l'utilisateur locked_out_user" line="88">
<kw name="Open Browser Only">
<kw name="Open Browser" owner="SeleniumLibrary">
<msg time="2026-05-14T12:03:09.994350" level="INFO">Opening browser 'chrome' to base url 'https://www.saucedemo.com/'.</msg>
<arg>${BASE_URL}</arg>
<arg>chrome</arg>
<arg>options=add_argument("--incognito");add_argument("--disable-popup-blocking")</arg>
<doc>Opens a new browser instance to the optional ``url``.</doc>
<status status="PASS" start="2026-05-14T12:03:09.993759" elapsed="2.514762"/>
</kw>
<kw name="Set Window Size" owner="SeleniumLibrary">
<arg>1920</arg>
<arg>1080</arg>
<doc>Sets current windows size to given ``width`` and ``height``.</doc>
<status status="PASS" start="2026-05-14T12:03:12.508877" elapsed="0.375218"/>
</kw>
<kw name="Set Screenshot Directory" owner="SeleniumLibrary">
<arg>${SCREENSHOT_ROOT}</arg>
<doc>Sets the directory for captured screenshots.</doc>
<status status="PASS" start="2026-05-14T12:03:12.884497" elapsed="0.000807"/>
</kw>
<status status="PASS" start="2026-05-14T12:03:09.992989" elapsed="2.892510"/>
</kw>
<kw name="Smart Input">
<kw name="Resolved Selector">
<kw name="Run Keyword And Return Status" owner="BuiltIn">
<kw name="Wait Until Element Is Visible" owner="SeleniumLibrary">
<arg>${primary}</arg>
<arg>15s</arg>
<doc>Waits until the element ``locator`` is visible.</doc>
<status status="PASS" start="2026-05-14T12:03:12.888678" elapsed="0.027501"/>
</kw>
<msg time="2026-05-14T12:03:12.916520" level="INFO">${ok} = True</msg>
<var>${ok}</var>
<arg>Wait Until Element Is Visible</arg>
<arg>${primary}</arg>
<arg>15s</arg>
<doc>Runs the specified keyword and returns the status as a Boolean value.</doc>
<status status="PASS" start="2026-05-14T12:03:12.887973" elapsed="0.028619"/>
</kw>
<if>
<branch type="IF" condition="${ok}">
<return>
<value>${primary}</value>
<status status="PASS" start="2026-05-14T12:03:12.917030" elapsed="0.000092"/>
</return>
<status status="PASS" start="2026-05-14T12:03:12.916828" elapsed="0.000438"/>
</branch>
<status status="PASS" start="2026-05-14T12:03:12.916771" elapsed="0.000588"/>
</if>
<kw name="Log" owner="BuiltIn">
<arg>Healing '${label}' (${role}) — primary selector not visible</arg>
<arg>level=WARN</arg>
<doc>Logs the given message with the given level.</doc>
<status status="NOT RUN" start="2026-05-14T12:03:12.917617" elapsed="0.000070"/>
</kw>
<kw name="Heal Selector By Label" owner="rf_agent.healer_runtime">
<var>${new}</var>
<arg>${label}</arg>
<arg>${role}</arg>
<doc>Robot keyword: find a fresh selector for an element matching (label, role)
in the live browser page. Returns "" when no match (caller decides — the
Smart wrappers then let the original failure surface to keep the test
honest).</doc>
<status status="NOT RUN" start="2026-05-14T12:03:12.917925" elapsed="0.000061"/>
</kw>
<kw name="Should Not Be Empty" owner="BuiltIn">
<arg>${new}</arg>
<arg>Could not heal '${label}' (${role}) — element not on page</arg>
<doc>Verifies that the given item is not empty.</doc>
<status status="NOT RUN" start="2026-05-14T12:03:12.918205" elapsed="0.000055"/>
</kw>
<kw name="Wait Until Element Is Visible" owner="SeleniumLibrary">
<arg>${new}</arg>
<arg>10s</arg>
<doc>Waits until the element ``locator`` is visible.</doc>
<status status="NOT RUN" start="2026-05-14T12:03:12.918495" elapsed="0.000058"/>
</kw>
<return>
<value>${new}</value>
<status status="NOT RUN" start="2026-05-14T12:03:12.918666" elapsed="0.000053"/>
</return>
<msg time="2026-05-14T12:03:12.919036" level="INFO">${sel} = xpath://input[@id='user-name']</msg>
<var>${sel}</var>
<arg>${label}</arg>
<arg>${role}</arg>
<arg>${primary}</arg>
<status status="PASS" start="2026-05-14T12:03:12.887180" elapsed="0.031923"/>
</kw>
<kw name="Input Text" owner="SeleniumLibrary">
<msg time="2026-05-14T12:03:12.919894" level="INFO">Typing text 'locked_out_user' into text field 'xpath://input[@id='user-name']'.</msg>
<arg>${sel}</arg>
<arg>${value}</arg>
<doc>Types the given ``text`` into the text field identified by ``locator``.</doc>
<status status="PASS" start="2026-05-14T12:03:12.919386" elapsed="0.076173"/>
</kw>
<arg>Username</arg>
<arg>text_input</arg>
<arg>xpath://input[@id='user-name']</arg>
<arg>locked_out_user</arg>
<status status="PASS" start="2026-05-14T12:03:12.886205" elapsed="0.109723"/>
</kw>
<kw name="Smart Input">
<kw name="Resolved Selector">
<kw name="Run Keyword And Return Status" owner="BuiltIn">
<kw name="Wait Until Element Is Visible" owner="SeleniumLibrary">
<arg>${primary}</arg>
<arg>15s</arg>
<doc>Waits until the element ``locator`` is visible.</doc>
<status status="PASS" start="2026-05-14T12:03:12.999917" elapsed="0.015763"/>
</kw>
<msg time="2026-05-14T12:03:13.016023" level="INFO">${ok} = True</msg>
<var>${ok}</var>
<arg>Wait Until Element Is Visible</arg>
<arg>${primary}</arg>
<arg>15s</arg>
<doc>Runs the specified keyword and returns the status as a Boolean value.</doc>
<status status="PASS" start="2026-05-14T12:03:12.999066" elapsed="0.017037"/>
</kw>
<if>
<branch type="IF" condition="${ok}">
<return>
<value>${primary}</value>
<status status="PASS" start="2026-05-14T12:03:13.016546" elapsed="0.000092"/>
</return>
<status status="PASS" start="2026-05-14T12:03:13.016344" elapsed="0.000401"/>
</branch>
<status status="PASS" start="2026-05-14T12:03:13.016290" elapsed="0.000588"/>
</if>
<kw name="Log" owner="BuiltIn">
<arg>Healing '${label}' (${role}) — primary selector not visible</arg>
<arg>level=WARN</arg>
<doc>Logs the given message with the given level.</doc>
<status status="NOT RUN" start="2026-05-14T12:03:13.017116" elapsed="0.000065"/>
</kw>
<kw name="Heal Selector By Label" owner="rf_agent.healer_runtime">
<var>${new}</var>
<arg>${label}</arg>
<arg>${role}</arg>
<doc>Robot keyword: find a fresh selector for an element matching (label, role)
in the live browser page. Returns "" when no match (caller decides — the
Smart wrappers then let the original failure surface to keep the test
honest).</doc>
<status status="NOT RUN" start="2026-05-14T12:03:13.017407" elapsed="0.000060"/>
</kw>
<kw name="Should Not Be Empty" owner="BuiltIn">
<arg>${new}</arg>
<arg>Could not heal '${label}' (${role}) — element not on page</arg>
<doc>Verifies that the given item is not empty.</doc>
<status status="NOT RUN" start="2026-05-14T12:03:13.017705" elapsed="0.000044"/>
</kw>
<kw name="Wait Until Element Is Visible" owner="SeleniumLibrary">
<arg>${new}</arg>
<arg>10s</arg>
<doc>Waits until the element ``locator`` is visible.</doc>
<status status="NOT RUN" start="2026-05-14T12:03:13.017894" elapsed="0.000041"/>
</kw>
<return>
<value>${new}</value>
<status status="NOT RUN" start="2026-05-14T12:03:13.018002" elapsed="0.000027"/>
</return>
<msg time="2026-05-14T12:03:13.018288" level="INFO">${sel} = xpath://input[@id='password']</msg>
<var>${sel}</var>
<arg>${label}</arg>
<arg>${role}</arg>
<arg>${primary}</arg>
<status status="PASS" start="2026-05-14T12:03:12.998213" elapsed="0.020147"/>
</kw>
<kw name="Input Text" owner="SeleniumLibrary">
<msg time="2026-05-14T12:03:13.018898" level="INFO">Typing text 'secret_sauce' into text field 'xpath://input[@id='password']'.</msg>
<arg>${sel}</arg>
<arg>${value}</arg>
<doc>Types the given ``text`` into the text field identified by ``locator``.</doc>
<status status="PASS" start="2026-05-14T12:03:13.018559" elapsed="0.054194"/>
</kw>
<arg>Password</arg>
<arg>password_input</arg>
<arg>xpath://input[@id='password']</arg>
<arg>secret_sauce</arg>
<status status="PASS" start="2026-05-14T12:03:12.996928" elapsed="0.075975"/>
</kw>
<kw name="Smart Click">
<kw name="Resolved Selector">
<kw name="Run Keyword And Return Status" owner="BuiltIn">
<kw name="Wait Until Element Is Visible" owner="SeleniumLibrary">
<arg>${primary}</arg>
<arg>15s</arg>
<doc>Waits until the element ``locator`` is visible.</doc>
<status status="PASS" start="2026-05-14T12:03:13.075437" elapsed="0.020410"/>
</kw>
<msg time="2026-05-14T12:03:13.096252" level="INFO">${ok} = True</msg>
<var>${ok}</var>
<arg>Wait Until Element Is Visible</arg>
<arg>${primary}</arg>
<arg>15s</arg>
<doc>Runs the specified keyword and returns the status as a Boolean value.</doc>
<status status="PASS" start="2026-05-14T12:03:13.074683" elapsed="0.021652"/>
</kw>
<if>
<branch type="IF" condition="${ok}">
<return>
<value>${primary}</value>
<status status="PASS" start="2026-05-14T12:03:13.096851" elapsed="0.000106"/>
</return>
<status status="PASS" start="2026-05-14T12:03:13.096623" elapsed="0.000459"/>
</branch>
<status status="PASS" start="2026-05-14T12:03:13.096551" elapsed="0.000646"/>
</if>
<kw name="Log" owner="BuiltIn">
<arg>Healing '${label}' (${role}) — primary selector not visible</arg>
<arg>level=WARN</arg>
<doc>Logs the given message with the given level.</doc>
<status status="NOT RUN" start="2026-05-14T12:03:13.097495" elapsed="0.000077"/>
</kw>
<kw name="Heal Selector By Label" owner="rf_agent.healer_runtime">
<var>${new}</var>
<arg>${label}</arg>
<arg>${role}</arg>
<doc>Robot keyword: find a fresh selector for an element matching (label, role)
in the live browser page. Returns "" when no match (caller decides — the
Smart wrappers then let the original failure surface to keep the test
honest).</doc>
<status status="NOT RUN" start="2026-05-14T12:03:13.097839" elapsed="0.000067"/>
</kw>
<kw name="Should Not Be Empty" owner="BuiltIn">
<arg>${new}</arg>
<arg>Could not heal '${label}' (${role}) — element not on page</arg>
<doc>Verifies that the given item is not empty.</doc>
<status status="NOT RUN" start="2026-05-14T12:03:13.098125" elapsed="0.000055"/>
</kw>
<kw name="Wait Until Element Is Visible" owner="SeleniumLibrary">
<arg>${new}</arg>
<arg>10s</arg>
<doc>Waits until the element ``locator`` is visible.</doc>
<status status="NOT RUN" start="2026-05-14T12:03:13.098418" elapsed="0.000059"/>
</kw>
<return>
<value>${new}</value>
<status status="NOT RUN" start="2026-05-14T12:03:13.098613" elapsed="0.000062"/>
</return>
<msg time="2026-05-14T12:03:13.099118" level="INFO">${sel} = xpath://input[@id='login-button']</msg>
<var>${sel}</var>
<arg>${label}</arg>
<arg>${role}</arg>
<arg>${primary}</arg>
<status status="PASS" start="2026-05-14T12:03:13.073935" elapsed="0.025269"/>
</kw>
<kw name="Click Element" owner="SeleniumLibrary">
<msg time="2026-05-14T12:03:13.100071" level="INFO">Clicking element 'xpath://input[@id='login-button']'.</msg>
<arg>${sel}</arg>
<doc>Click the element identified by ``locator``.</doc>
<status status="PASS" start="2026-05-14T12:03:13.099560" elapsed="0.136665"/>
</kw>
<arg>login-button</arg>
<arg>button</arg>
<arg>xpath://input[@id='login-button']</arg>
<status status="PASS" start="2026-05-14T12:03:13.073324" elapsed="0.163147"/>
</kw>
<kw name="Page Should Contain" owner="SeleniumLibrary">
<msg time="2026-05-14T12:03:13.268048" level="INFO">Current page contains text 'Epic sadface: Sorry, this user has been locked out.'.</msg>
<arg>Epic sadface: Sorry, this user has been locked out.</arg>
<doc>Verifies that current page contains ``text``.</doc>
<status status="PASS" start="2026-05-14T12:03:13.236883" elapsed="0.031427"/>
</kw>
<kw name="Capture Page Screenshot" owner="SeleniumLibrary">
<msg time="2026-05-14T12:03:13.468179" level="INFO" html="true">&lt;/td&gt;&lt;/tr&gt;&lt;tr&gt;&lt;td colspan="3"&gt;&lt;a href="output/screenshots/TC-003_final.png"&gt;&lt;img src="output/screenshots/TC-003_final.png" width="800px"&gt;&lt;/a&gt;</msg>
<arg>TC-003_final.png</arg>
<doc>Takes a screenshot of the current page and embeds it into a log file.</doc>
<status status="PASS" start="2026-05-14T12:03:13.269114" elapsed="0.199267"/>
</kw>
<kw name="Run Keyword And Ignore Error" owner="BuiltIn" type="TEARDOWN">
<kw name="Close All Browsers" owner="SeleniumLibrary">
<doc>Closes all open browsers and resets the browser cache.</doc>
<status status="PASS" start="2026-05-14T12:03:13.469682" elapsed="2.204949"/>
</kw>
<arg>Close All Browsers</arg>
<doc>Runs the given keyword with the given arguments and ignores possible error.</doc>
<status status="PASS" start="2026-05-14T12:03:13.469078" elapsed="2.205781"/>
</kw>
<doc>Test case to verify that the login is blocked for the locked_out_user</doc>
<status status="PASS" start="2026-05-14T12:03:09.991634" elapsed="5.683947"/>
</test>
<test id="s1-t4" name="TC-004 Logout depuis le menu latéral" line="97">
<kw name="Open App And Login">
<kw name="Replace String" owner="String">
<msg time="2026-05-14T12:03:15.680112" level="INFO">${_pre} = TC-004 Logout depuis le menu latéral</msg>
<var>${_pre}</var>
<arg>${TEST NAME}</arg>
<arg>"</arg>
<arg>_</arg>
<doc>Replaces ``search_for`` in the given ``string`` with ``replace_with``.</doc>
<status status="PASS" start="2026-05-14T12:03:15.679551" elapsed="0.000640"/>
</kw>
<kw name="Evaluate" owner="BuiltIn">
<msg time="2026-05-14T12:03:15.681490" level="INFO">${_safe} = TC-004 Logout depuis le menu latéral</msg>
<var>${_safe}</var>
<arg>''.join('_' if c in r'&lt;&gt;:"/\|?*()' else c for c in """${_pre}""")</arg>
<doc>Evaluates the given expression in Python and returns the result.</doc>
<status status="PASS" start="2026-05-14T12:03:15.680471" elapsed="0.001093"/>
</kw>
<kw name="Open Browser" owner="SeleniumLibrary">
<msg time="2026-05-14T12:03:15.682331" level="INFO">Opening browser 'chrome' to base url 'https://www.saucedemo.com/'.</msg>
<arg>${BASE_URL}</arg>
<arg>chrome</arg>
<arg>options=add_argument("--incognito");add_argument("--disable-popup-blocking")</arg>
<doc>Opens a new browser instance to the optional ``url``.</doc>
<status status="PASS" start="2026-05-14T12:03:15.681874" elapsed="1.472134"/>
</kw>
<kw name="Set Window Size" owner="SeleniumLibrary">
<arg>1920</arg>
<arg>1080</arg>
<doc>Sets current windows size to given ``width`` and ``height``.</doc>
<status status="PASS" start="2026-05-14T12:03:17.154244" elapsed="0.374416"/>
</kw>
<kw name="Set Screenshot Directory" owner="SeleniumLibrary">
<arg>${SCREENSHOT_ROOT}</arg>
<doc>Sets the directory for captured screenshots.</doc>
<status status="PASS" start="2026-05-14T12:03:17.528977" elapsed="0.000529"/>
</kw>
<kw name="Sleep" owner="BuiltIn">
<msg time="2026-05-14T12:03:20.531393" level="INFO">Slept 3 seconds.</msg>
<arg>3s</arg>
<doc>Pauses the test executed for the given time.</doc>
<status status="PASS" start="2026-05-14T12:03:17.529723" elapsed="3.001966"/>
</kw>
<kw name="Capture Page Screenshot" owner="SeleniumLibrary">
<msg time="2026-05-14T12:03:20.783727" level="INFO" html="true">&lt;/td&gt;&lt;/tr&gt;&lt;tr&gt;&lt;td colspan="3"&gt;&lt;a href="output/screenshots/TC-004%20Logout%20depuis%20le%20menu%20lat%C3%A9ral_initial.png"&gt;&lt;img src="output/screenshots/TC-004%20Logout%20depuis%20le%20menu%20lat%C3%A9ral_initial.png" width="800px"&gt;&lt;/a&gt;</msg>
<arg>${_safe}_initial.png</arg>
<doc>Takes a screenshot of the current page and embeds it into a log file.</doc>
<status status="PASS" start="2026-05-14T12:03:20.532118" elapsed="0.251759"/>
</kw>
<kw name="Wait Until Element Is Visible" owner="SeleniumLibrary">
<arg>xpath://input[@placeholder='Username']</arg>
<arg>15s</arg>
<doc>Waits until the element ``locator`` is visible.</doc>
<status status="PASS" start="2026-05-14T12:03:20.784119" elapsed="0.033690"/>
</kw>
<kw name="Input Text" owner="SeleniumLibrary">
<msg time="2026-05-14T12:03:20.818951" level="INFO">Typing text 'standard_user' into text field 'xpath://input[@placeholder='Username']'.</msg>
<arg>xpath://input[@placeholder='Username']</arg>
<arg>${username}</arg>
<doc>Types the given ``text`` into the text field identified by ``locator``.</doc>
<status status="PASS" start="2026-05-14T12:03:20.818302" elapsed="0.211959"/>
</kw>
<kw name="Wait Until Element Is Visible" owner="SeleniumLibrary">
<arg>xpath://input[@type='password']</arg>
<arg>15s</arg>
<doc>Waits until the element ``locator`` is visible.</doc>
<status status="PASS" start="2026-05-14T12:03:21.030560" elapsed="0.021286"/>
</kw>
<kw name="Input Text" owner="SeleniumLibrary">
<msg time="2026-05-14T12:03:21.052491" level="INFO">Typing text 'secret_sauce' into text field 'xpath://input[@type='password']'.</msg>
<arg>xpath://input[@type='password']</arg>
<arg>${password}</arg>
<doc>Types the given ``text`` into the text field identified by ``locator``.</doc>
<status status="PASS" start="2026-05-14T12:03:21.052144" elapsed="0.092836"/>
</kw>
<kw name="Wait Until Element Is Visible" owner="SeleniumLibrary">
<arg>xpath://*[@type='submit']</arg>
<arg>15s</arg>
<doc>Waits until the element ``locator`` is visible.</doc>
<status status="PASS" start="2026-05-14T12:03:21.145272" elapsed="0.022640"/>
</kw>
<kw name="Click Element" owner="SeleniumLibrary">
<msg time="2026-05-14T12:03:21.168458" level="INFO">Clicking element 'xpath://*[@type='submit']'.</msg>
<arg>xpath://*[@type='submit']</arg>
<doc>Click the element identified by ``locator``.</doc>
<status status="PASS" start="2026-05-14T12:03:21.168182" elapsed="0.147982"/>
</kw>
<kw name="Sleep" owner="BuiltIn">
<msg time="2026-05-14T12:03:23.318263" level="INFO">Slept 2 seconds.</msg>
<arg>2s</arg>
<doc>Pauses the test executed for the given time.</doc>
<status status="PASS" start="2026-05-14T12:03:21.316477" elapsed="2.002246"/>
</kw>
<kw name="Run Keyword And Return Status" owner="BuiltIn">
<kw name="Wait Until Page Contains" owner="SeleniumLibrary">
<arg>Products</arg>
<arg>8s</arg>
<doc>Waits until ``text`` appears on the current page.</doc>
<status status="PASS" start="2026-05-14T12:03:23.320619" elapsed="0.025174"/>
</kw>
<arg>Wait Until Page Contains</arg>
<arg>Products</arg>
<arg>8s</arg>
<doc>Runs the specified keyword and returns the status as a Boolean value.</doc>
<status status="PASS" start="2026-05-14T12:03:23.319366" elapsed="0.026672"/>
</kw>
<kw name="Capture Page Screenshot" owner="SeleniumLibrary">
<msg time="2026-05-14T12:03:23.708271" level="INFO" html="true">&lt;/td&gt;&lt;/tr&gt;&lt;tr&gt;&lt;td colspan="3"&gt;&lt;a href="output/screenshots/TC-004%20Logout%20depuis%20le%20menu%20lat%C3%A9ral_after_login.png"&gt;&lt;img src="output/screenshots/TC-004%20Logout%20depuis%20le%20menu%20lat%C3%A9ral_after_login.png" width="800px"&gt;&lt;/a&gt;</msg>
<arg>${_safe}_after_login.png</arg>
<doc>Takes a screenshot of the current page and embeds it into a log file.</doc>
<status status="PASS" start="2026-05-14T12:03:23.346378" elapsed="0.362113"/>
</kw>
<arg>standard_user</arg>
<arg>secret_sauce</arg>
<status status="PASS" start="2026-05-14T12:03:15.678832" elapsed="8.029902"/>
</kw>
<kw name="Smart Click">
<kw name="Resolved Selector">
<kw name="Run Keyword And Return Status" owner="BuiltIn">
<kw name="Wait Until Element Is Visible" owner="SeleniumLibrary">
<arg>${primary}</arg>
<arg>15s</arg>
<doc>Waits until the element ``locator`` is visible.</doc>
<status status="PASS" start="2026-05-14T12:03:23.711468" elapsed="0.041138"/>
</kw>
<msg time="2026-05-14T12:03:23.752800" level="INFO">${ok} = True</msg>
<var>${ok}</var>
<arg>Wait Until Element Is Visible</arg>
<arg>${primary}</arg>
<arg>15s</arg>
<doc>Runs the specified keyword and returns the status as a Boolean value.</doc>
<status status="PASS" start="2026-05-14T12:03:23.710846" elapsed="0.041989"/>
</kw>
<if>
<branch type="IF" condition="${ok}">
<return>
<value>${primary}</value>
<status status="PASS" start="2026-05-14T12:03:23.753071" elapsed="0.000053"/>
</return>
<status status="PASS" start="2026-05-14T12:03:23.752966" elapsed="0.000211"/>
</branch>
<status status="PASS" start="2026-05-14T12:03:23.752932" elapsed="0.000288"/>
</if>
<kw name="Log" owner="BuiltIn">
<arg>Healing '${label}' (${role}) — primary selector not visible</arg>
<arg>level=WARN</arg>
<doc>Logs the given message with the given level.</doc>
<status status="NOT RUN" start="2026-05-14T12:03:23.753366" elapsed="0.000042"/>
</kw>
<kw name="Heal Selector By Label" owner="rf_agent.healer_runtime">
<var>${new}</var>
<arg>${label}</arg>
<arg>${role}</arg>
<doc>Robot keyword: find a fresh selector for an element matching (label, role)
in the live browser page. Returns "" when no match (caller decides — the
Smart wrappers then let the original failure surface to keep the test
honest).</doc>
<status status="NOT RUN" start="2026-05-14T12:03:23.753560" elapsed="0.000032"/>
</kw>
<kw name="Should Not Be Empty" owner="BuiltIn">
<arg>${new}</arg>
<arg>Could not heal '${label}' (${role}) — element not on page</arg>
<doc>Verifies that the given item is not empty.</doc>
<status status="NOT RUN" start="2026-05-14T12:03:23.753751" elapsed="0.000031"/>
</kw>
<kw name="Wait Until Element Is Visible" owner="SeleniumLibrary">
<arg>${new}</arg>
<arg>10s</arg>
<doc>Waits until the element ``locator`` is visible.</doc>
<status status="NOT RUN" start="2026-05-14T12:03:23.753895" elapsed="0.000029"/>
</kw>
<return>
<value>${new}</value>
<status status="NOT RUN" start="2026-05-14T12:03:23.753980" elapsed="0.000025"/>
</return>
<msg time="2026-05-14T12:03:23.754156" level="INFO">${sel} = xpath://button[@id='react-burger-menu-btn']</msg>
<var>${sel}</var>
<arg>${label}</arg>
<arg>${role}</arg>
<arg>${primary}</arg>
<status status="PASS" start="2026-05-14T12:03:23.710191" elapsed="0.043995"/>
</kw>
<kw name="Click Element" owner="SeleniumLibrary">
<msg time="2026-05-14T12:03:23.754536" level="INFO">Clicking element 'xpath://button[@id='react-burger-menu-btn']'.</msg>
<arg>${sel}</arg>
<doc>Click the element identified by ``locator``.</doc>
<status status="PASS" start="2026-05-14T12:03:23.754301" elapsed="0.164558"/>
</kw>
<arg>Open Menu</arg>
<arg>button</arg>
<arg>xpath://button[@id='react-burger-menu-btn']</arg>
<status status="PASS" start="2026-05-14T12:03:23.709413" elapsed="0.209705"/>
</kw>
<kw name="Smart Click">
<kw name="Resolved Selector">
<kw name="Run Keyword And Return Status" owner="BuiltIn">
<kw name="Wait Until Element Is Visible" owner="SeleniumLibrary">
<arg>${primary}</arg>
<arg>15s</arg>
<doc>Waits until the element ``locator`` is visible.</doc>
<status status="PASS" start="2026-05-14T12:03:23.926139" elapsed="0.028126"/>
</kw>
<msg time="2026-05-14T12:03:23.954502" level="INFO">${ok} = True</msg>
<var>${ok}</var>
<arg>Wait Until Element Is Visible</arg>
<arg>${primary}</arg>
<arg>15s</arg>
<doc>Runs the specified keyword and returns the status as a Boolean value.</doc>
<status status="PASS" start="2026-05-14T12:03:23.925602" elapsed="0.028941"/>
</kw>
<if>
<branch type="IF" condition="${ok}">
<return>
<value>${primary}</value>
<status status="PASS" start="2026-05-14T12:03:23.954826" elapsed="0.000061"/>
</return>
<status status="PASS" start="2026-05-14T12:03:23.954704" elapsed="0.000247"/>
</branch>
<status status="PASS" start="2026-05-14T12:03:23.954663" elapsed="0.000354"/>
</if>
<kw name="Log" owner="BuiltIn">
<arg>Healing '${label}' (${role}) — primary selector not visible</arg>
<arg>level=WARN</arg>
<doc>Logs the given message with the given level.</doc>
<status status="NOT RUN" start="2026-05-14T12:03:23.955157" elapsed="0.000037"/>
</kw>
<kw name="Heal Selector By Label" owner="rf_agent.healer_runtime">
<var>${new}</var>
<arg>${label}</arg>
<arg>${role}</arg>
<doc>Robot keyword: find a fresh selector for an element matching (label, role)
in the live browser page. Returns "" when no match (caller decides — the
Smart wrappers then let the original failure surface to keep the test
honest).</doc>
<status status="NOT RUN" start="2026-05-14T12:03:23.955316" elapsed="0.000030"/>
</kw>
<kw name="Should Not Be Empty" owner="BuiltIn">
<arg>${new}</arg>
<arg>Could not heal '${label}' (${role}) — element not on page</arg>
<doc>Verifies that the given item is not empty.</doc>
<status status="NOT RUN" start="2026-05-14T12:03:23.955459" elapsed="0.000043"/>
</kw>
<kw name="Wait Until Element Is Visible" owner="SeleniumLibrary">
<arg>${new}</arg>
<arg>10s</arg>
<doc>Waits until the element ``locator`` is visible.</doc>
<status status="NOT RUN" start="2026-05-14T12:03:23.955614" elapsed="0.000029"/>
</kw>
<return>
<value>${new}</value>
<status status="NOT RUN" start="2026-05-14T12:03:23.955698" elapsed="0.000025"/>
</return>
<msg time="2026-05-14T12:03:23.955876" level="INFO">${sel} = xpath://a[@id='item_4_img_link']</msg>
<var>${sel}</var>
<arg>${label}</arg>
<arg>${role}</arg>
<arg>${primary}</arg>
<status status="PASS" start="2026-05-14T12:03:23.921234" elapsed="0.034672"/>
</kw>
<kw name="Click Element" owner="SeleniumLibrary">
<msg time="2026-05-14T12:03:23.956308" level="INFO">Clicking element 'xpath://a[@id='item_4_img_link']'.</msg>
<arg>${sel}</arg>
<doc>Click the element identified by ``locator``.</doc>
<status status="PASS" start="2026-05-14T12:03:23.956024" elapsed="0.118557"/>
</kw>
<arg>${EMPTY}</arg>
<arg>link</arg>
<arg>xpath://a[@id='item_4_img_link']</arg>
<status status="PASS" start="2026-05-14T12:03:23.919664" elapsed="0.155129"/>
</kw>
<kw name="Page Should Contain" owner="SeleniumLibrary">
<msg time="2026-05-14T12:03:24.457378" level="INFO" html="true">&lt;/td&gt;&lt;/tr&gt;&lt;tr&gt;&lt;td colspan="3"&gt;&lt;a href="output/screenshots/selenium-screenshot-144.png"&gt;&lt;img src="output/screenshots/selenium-screenshot-144.png" width="800px"&gt;&lt;/a&gt;</msg>
<msg time="2026-05-14T12:03:24.457848" level="FAIL">Page should have contained text 'Username' but did not.</msg>
<arg>Username</arg>
<doc>Verifies that current page contains ``text``.</doc>
<status status="FAIL" start="2026-05-14T12:03:24.075434" elapsed="0.389281">Page should have contained text 'Username' but did not.</status>
</kw>
<kw name="Capture Page Screenshot" owner="SeleniumLibrary">
<arg>TC-004_final.png</arg>
<doc>Takes a screenshot of the current page and embeds it into a log file.</doc>
<status status="NOT RUN" start="2026-05-14T12:03:24.465640" elapsed="0.000169"/>
</kw>
<kw name="Run Keyword And Ignore Error" owner="BuiltIn" type="TEARDOWN">
<kw name="Close All Browsers" owner="SeleniumLibrary">
<doc>Closes all open browsers and resets the browser cache.</doc>
<status status="PASS" start="2026-05-14T12:03:24.467456" elapsed="2.287367"/>
</kw>
<arg>Close All Browsers</arg>
<doc>Runs the given keyword with the given arguments and ignores possible error.</doc>
<status status="PASS" start="2026-05-14T12:03:24.466705" elapsed="2.288414"/>
</kw>
<doc>Test case to verify logout functionality from the side menu</doc>
<status status="FAIL" start="2026-05-14T12:03:15.677425" elapsed="11.078212">Page should have contained text 'Username' but did not.</status>
</test>
<test id="s1-t5" name="TC-005 Affichage de la liste complète des produits (Read)" line="105">
<kw name="Open App And Login">
<kw name="Replace String" owner="String">
<msg time="2026-05-14T12:03:26.761214" level="INFO">${_pre} = TC-005 Affichage de la liste complète des produits (Read)</msg>
<var>${_pre}</var>
<arg>${TEST NAME}</arg>
<arg>"</arg>
<arg>_</arg>
<doc>Replaces ``search_for`` in the given ``string`` with ``replace_with``.</doc>
<status status="PASS" start="2026-05-14T12:03:26.760501" elapsed="0.000815"/>
</kw>
<kw name="Evaluate" owner="BuiltIn">
<msg time="2026-05-14T12:03:26.762926" level="INFO">${_safe} = TC-005 Affichage de la liste complète des produits _Read_</msg>
<var>${_safe}</var>
<arg>''.join('_' if c in r'&lt;&gt;:"/\|?*()' else c for c in """${_pre}""")</arg>
<doc>Evaluates the given expression in Python and returns the result.</doc>
<status status="PASS" start="2026-05-14T12:03:26.761676" elapsed="0.001336"/>
</kw>
<kw name="Open Browser" owner="SeleniumLibrary">
<msg time="2026-05-14T12:03:26.763833" level="INFO">Opening browser 'chrome' to base url 'https://www.saucedemo.com/'.</msg>
<arg>${BASE_URL}</arg>
<arg>chrome</arg>
<arg>options=add_argument("--incognito");add_argument("--disable-popup-blocking")</arg>
<doc>Opens a new browser instance to the optional ``url``.</doc>
<status status="PASS" start="2026-05-14T12:03:26.763360" elapsed="1.440250"/>
</kw>
<kw name="Set Window Size" owner="SeleniumLibrary">
<arg>1920</arg>
<arg>1080</arg>
<doc>Sets current windows size to given ``width`` and ``height``.</doc>
<status status="PASS" start="2026-05-14T12:03:28.203854" elapsed="0.373952"/>
</kw>
<kw name="Set Screenshot Directory" owner="SeleniumLibrary">
<arg>${SCREENSHOT_ROOT}</arg>
<doc>Sets the directory for captured screenshots.</doc>
<status status="PASS" start="2026-05-14T12:03:28.578161" elapsed="0.000567"/>
</kw>
<kw name="Sleep" owner="BuiltIn">
<msg time="2026-05-14T12:03:31.580517" level="INFO">Slept 3 seconds.</msg>
<arg>3s</arg>
<doc>Pauses the test executed for the given time.</doc>
<status status="PASS" start="2026-05-14T12:03:28.579105" elapsed="3.001683"/>
</kw>
<kw name="Capture Page Screenshot" owner="SeleniumLibrary">
<msg time="2026-05-14T12:03:31.743714" level="INFO" html="true">&lt;/td&gt;&lt;/tr&gt;&lt;tr&gt;&lt;td colspan="3"&gt;&lt;a href="output/screenshots/TC-005%20Affichage%20de%20la%20liste%20compl%C3%A8te%20des%20produits%20_Read__initial.png"&gt;&lt;img src="output/screenshots/TC-005%20Affichage%20de%20la%20liste%20compl%C3%A8te%20des%20produits%20_Read__initial.png" width="800px"&gt;&lt;/a&gt;</msg>
<arg>${_safe}_initial.png</arg>
<doc>Takes a screenshot of the current page and embeds it into a log file.</doc>
<status status="PASS" start="2026-05-14T12:03:31.581193" elapsed="0.162724"/>
</kw>
<kw name="Wait Until Element Is Visible" owner="SeleniumLibrary">
<arg>xpath://input[@placeholder='Username']</arg>
<arg>15s</arg>
<doc>Waits until the element ``locator`` is visible.</doc>
<status status="PASS" start="2026-05-14T12:03:31.744209" elapsed="0.026238"/>
</kw>
<kw name="Input Text" owner="SeleniumLibrary">
<msg time="2026-05-14T12:03:31.770968" level="INFO">Typing text 'standard_user' into text field 'xpath://input[@placeholder='Username']'.</msg>
<arg>xpath://input[@placeholder='Username']</arg>
<arg>${username}</arg>
<doc>Types the given ``text`` into the text field identified by ``locator``.</doc>
<status status="PASS" start="2026-05-14T12:03:31.770674" elapsed="0.112740"/>
</kw>
<kw name="Wait Until Element Is Visible" owner="SeleniumLibrary">
<arg>xpath://input[@type='password']</arg>
<arg>15s</arg>
<doc>Waits until the element ``locator`` is visible.</doc>
<status status="PASS" start="2026-05-14T12:03:31.883664" elapsed="0.022780"/>
</kw>
<kw name="Input Text" owner="SeleniumLibrary">
<msg time="2026-05-14T12:03:31.906983" level="INFO">Typing text 'secret_sauce' into text field 'xpath://input[@type='password']'.</msg>
<arg>xpath://input[@type='password']</arg>
<arg>${password}</arg>
<doc>Types the given ``text`` into the text field identified by ``locator``.</doc>
<status status="PASS" start="2026-05-14T12:03:31.906688" elapsed="0.089921"/>
</kw>
<kw name="Wait Until Element Is Visible" owner="SeleniumLibrary">
<arg>xpath://*[@type='submit']</arg>
<arg>15s</arg>
<doc>Waits until the element ``locator`` is visible.</doc>
<status status="PASS" start="2026-05-14T12:03:31.996863" elapsed="0.017579"/>
</kw>
<kw name="Click Element" owner="SeleniumLibrary">
<msg time="2026-05-14T12:03:32.015338" level="INFO">Clicking element 'xpath://*[@type='submit']'.</msg>
<arg>xpath://*[@type='submit']</arg>
<doc>Click the element identified by ``locator``.</doc>
<status status="PASS" start="2026-05-14T12:03:32.014844" elapsed="0.117016"/>
</kw>
<kw name="Sleep" owner="BuiltIn">
<msg time="2026-05-14T12:03:34.133181" level="INFO">Slept 2 seconds.</msg>
<arg>2s</arg>
<doc>Pauses the test executed for the given time.</doc>
<status status="PASS" start="2026-05-14T12:03:32.132165" elapsed="2.001294"/>
</kw>
<kw name="Run Keyword And Return Status" owner="BuiltIn">
<kw name="Wait Until Page Contains" owner="SeleniumLibrary">
<arg>Products</arg>
<arg>8s</arg>
<doc>Waits until ``text`` appears on the current page.</doc>
<status status="PASS" start="2026-05-14T12:03:34.134756" elapsed="0.024857"/>
</kw>
<arg>Wait Until Page Contains</arg>
<arg>Products</arg>
<arg>8s</arg>
<doc>Runs the specified keyword and returns the status as a Boolean value.</doc>
<status status="PASS" start="2026-05-14T12:03:34.133903" elapsed="0.025962"/>
</kw>
<kw name="Capture Page Screenshot" owner="SeleniumLibrary">
<msg time="2026-05-14T12:03:34.406257" level="INFO" html="true">&lt;/td&gt;&lt;/tr&gt;&lt;tr&gt;&lt;td colspan="3"&gt;&lt;a href="output/screenshots/TC-005%20Affichage%20de%20la%20liste%20compl%C3%A8te%20des%20produits%20_Read__after_login.png"&gt;&lt;img src="output/screenshots/TC-005%20Affichage%20de%20la%20liste%20compl%C3%A8te%20des%20produits%20_Read__after_login.png" width="800px"&gt;&lt;/a&gt;</msg>
<arg>${_safe}_after_login.png</arg>
<doc>Takes a screenshot of the current page and embeds it into a log file.</doc>
<status status="PASS" start="2026-05-14T12:03:34.160202" elapsed="0.246206"/>
</kw>
<arg>standard_user</arg>
<arg>secret_sauce</arg>
<status status="PASS" start="2026-05-14T12:03:26.759660" elapsed="7.646876"/>
</kw>
<kw name="Page Should Contain" owner="SeleniumLibrary">
<msg time="2026-05-14T12:03:34.424564" level="INFO">Current page contains text 'Products'.</msg>
<arg>Products</arg>
<doc>Verifies that current page contains ``text``.</doc>
<status status="PASS" start="2026-05-14T12:03:34.406975" elapsed="0.017832"/>
</kw>
<kw name="Get Element Count" owner="SeleniumLibrary">
<msg time="2026-05-14T12:03:34.440262" level="INFO">${product_count} = 1</msg>
<var>${product_count}</var>
<arg>xpath://a[@id='item_4_title_link']</arg>
<doc>Returns the number of elements matching ``locator``.</doc>
<status status="PASS" start="2026-05-14T12:03:34.425355" elapsed="0.014976"/>
</kw>
<kw name="Should Be Equal As Integers" owner="BuiltIn">
<msg time="2026-05-14T12:03:34.441571" level="INFO">Argument types are:
&lt;class 'int'&gt;
&lt;class 'str'&gt;</msg>
<msg time="2026-05-14T12:03:34.441756" level="FAIL">1 != 6</msg>
<arg>${product_count}</arg>
<arg>6</arg>
<doc>Fails if objects are unequal after converting them to integers.</doc>
<status status="FAIL" start="2026-05-14T12:03:34.441061" elapsed="0.000846">1 != 6</status>
</kw>
<kw name="Capture Page Screenshot" owner="SeleniumLibrary">
<arg>TC-005_final.png</arg>
<doc>Takes a screenshot of the current page and embeds it into a log file.</doc>
<status status="NOT RUN" start="2026-05-14T12:03:34.442588" elapsed="0.000079"/>
</kw>
<kw name="Run Keyword And Ignore Error" owner="BuiltIn" type="TEARDOWN">
<kw name="Close All Browsers" owner="SeleniumLibrary">
<doc>Closes all open browsers and resets the browser cache.</doc>
<status status="PASS" start="2026-05-14T12:03:34.444148" elapsed="2.201673"/>
</kw>
<arg>Close All Browsers</arg>
<doc>Runs the given keyword with the given arguments and ignores possible error.</doc>
<status status="PASS" start="2026-05-14T12:03:34.443354" elapsed="2.202752"/>
</kw>
<doc>Vérifier que la page affiche un titre 'Products' et que le nombre d'éléments avec la classe 'inventory_item' correspond au catalogue</doc>
<status status="FAIL" start="2026-05-14T12:03:26.757742" elapsed="9.888926">1 != 6</status>
</test>
<test id="s1-t6" name="TC-006 Tri des produits par prix croissant" line="113">
<kw name="Open App And Login">
<kw name="Replace String" owner="String">
<msg time="2026-05-14T12:03:36.652112" level="INFO">${_pre} = TC-006 Tri des produits par prix croissant</msg>
<var>${_pre}</var>
<arg>${TEST NAME}</arg>
<arg>"</arg>
<arg>_</arg>
<doc>Replaces ``search_for`` in the given ``string`` with ``replace_with``.</doc>
<status status="PASS" start="2026-05-14T12:03:36.651500" elapsed="0.000706"/>
</kw>
<kw name="Evaluate" owner="BuiltIn">
<msg time="2026-05-14T12:03:36.653651" level="INFO">${_safe} = TC-006 Tri des produits par prix croissant</msg>
<var>${_safe}</var>
<arg>''.join('_' if c in r'&lt;&gt;:"/\|?*()' else c for c in """${_pre}""")</arg>
<doc>Evaluates the given expression in Python and returns the result.</doc>
<status status="PASS" start="2026-05-14T12:03:36.652566" elapsed="0.001163"/>
</kw>
<kw name="Open Browser" owner="SeleniumLibrary">
<msg time="2026-05-14T12:03:36.654494" level="INFO">Opening browser 'chrome' to base url 'https://www.saucedemo.com/'.</msg>
<arg>${BASE_URL}</arg>
<arg>chrome</arg>
<arg>options=add_argument("--incognito");add_argument("--disable-popup-blocking")</arg>
<doc>Opens a new browser instance to the optional ``url``.</doc>
<status status="PASS" start="2026-05-14T12:03:36.654043" elapsed="1.370139"/>
</kw>
<kw name="Set Window Size" owner="SeleniumLibrary">
<arg>1920</arg>
<arg>1080</arg>
<doc>Sets current windows size to given ``width`` and ``height``.</doc>
<status status="PASS" start="2026-05-14T12:03:38.024512" elapsed="0.370951"/>
</kw>
<kw name="Set Screenshot Directory" owner="SeleniumLibrary">
<arg>${SCREENSHOT_ROOT}</arg>
<doc>Sets the directory for captured screenshots.</doc>
<status status="PASS" start="2026-05-14T12:03:38.395788" elapsed="0.000589"/>
</kw>
<kw name="Sleep" owner="BuiltIn">
<msg time="2026-05-14T12:03:41.397995" level="INFO">Slept 3 seconds.</msg>
<arg>3s</arg>
<doc>Pauses the test executed for the given time.</doc>
<status status="PASS" start="2026-05-14T12:03:38.396616" elapsed="3.001712"/>
</kw>
<kw name="Capture Page Screenshot" owner="SeleniumLibrary">
<msg time="2026-05-14T12:03:41.561784" level="INFO" html="true">&lt;/td&gt;&lt;/tr&gt;&lt;tr&gt;&lt;td colspan="3"&gt;&lt;a href="output/screenshots/TC-006%20Tri%20des%20produits%20par%20prix%20croissant_initial.png"&gt;&lt;img src="output/screenshots/TC-006%20Tri%20des%20produits%20par%20prix%20croissant_initial.png" width="800px"&gt;&lt;/a&gt;</msg>
<arg>${_safe}_initial.png</arg>
<doc>Takes a screenshot of the current page and embeds it into a log file.</doc>
<status status="PASS" start="2026-05-14T12:03:41.398841" elapsed="0.163140"/>
</kw>
<kw name="Wait Until Element Is Visible" owner="SeleniumLibrary">
<arg>xpath://input[@placeholder='Username']</arg>
<arg>15s</arg>
<doc>Waits until the element ``locator`` is visible.</doc>
<status status="PASS" start="2026-05-14T12:03:41.562264" elapsed="0.035552"/>
</kw>
<kw name="Input Text" owner="SeleniumLibrary">
<msg time="2026-05-14T12:03:41.598723" level="INFO">Typing text 'standard_user' into text field 'xpath://input[@placeholder='Username']'.</msg>
<arg>xpath://input[@placeholder='Username']</arg>
<arg>${username}</arg>
<doc>Types the given ``text`` into the text field identified by ``locator``.</doc>
<status status="PASS" start="2026-05-14T12:03:41.598216" elapsed="0.181563"/>
</kw>
<kw name="Wait Until Element Is Visible" owner="SeleniumLibrary">
<arg>xpath://input[@type='password']</arg>
<arg>15s</arg>
<doc>Waits until the element ``locator`` is visible.</doc>
<status status="PASS" start="2026-05-14T12:03:41.780014" elapsed="0.019988"/>
</kw>
<kw name="Input Text" owner="SeleniumLibrary">
<msg time="2026-05-14T12:03:41.800523" level="INFO">Typing text 'secret_sauce' into text field 'xpath://input[@type='password']'.</msg>
<arg>xpath://input[@type='password']</arg>
<arg>${password}</arg>
<doc>Types the given ``text`` into the text field identified by ``locator``.</doc>
<status status="PASS" start="2026-05-14T12:03:41.800245" elapsed="0.150755"/>
</kw>
<kw name="Wait Until Element Is Visible" owner="SeleniumLibrary">
<arg>xpath://*[@type='submit']</arg>
<arg>15s</arg>
<doc>Waits until the element ``locator`` is visible.</doc>
<status status="PASS" start="2026-05-14T12:03:41.951238" elapsed="0.023067"/>
</kw>
<kw name="Click Element" owner="SeleniumLibrary">
<msg time="2026-05-14T12:03:41.974783" level="INFO">Clicking element 'xpath://*[@type='submit']'.</msg>
<arg>xpath://*[@type='submit']</arg>
<doc>Click the element identified by ``locator``.</doc>
<status status="PASS" start="2026-05-14T12:03:41.974518" elapsed="0.162195"/>
</kw>
<kw name="Sleep" owner="BuiltIn">
<msg time="2026-05-14T12:03:44.138199" level="INFO">Slept 2 seconds.</msg>
<arg>2s</arg>
<doc>Pauses the test executed for the given time.</doc>
<status status="PASS" start="2026-05-14T12:03:42.136955" elapsed="2.001525"/>
</kw>
<kw name="Run Keyword And Return Status" owner="BuiltIn">
<kw name="Wait Until Page Contains" owner="SeleniumLibrary">
<arg>Products</arg>
<arg>8s</arg>
<doc>Waits until ``text`` appears on the current page.</doc>
<status status="PASS" start="2026-05-14T12:03:44.139919" elapsed="0.023677"/>
</kw>
<arg>Wait Until Page Contains</arg>
<arg>Products</arg>
<arg>8s</arg>
<doc>Runs the specified keyword and returns the status as a Boolean value.</doc>
<status status="PASS" start="2026-05-14T12:03:44.138922" elapsed="0.024834"/>
</kw>
<kw name="Capture Page Screenshot" owner="SeleniumLibrary">
<msg time="2026-05-14T12:03:44.459244" level="INFO" html="true">&lt;/td&gt;&lt;/tr&gt;&lt;tr&gt;&lt;td colspan="3"&gt;&lt;a href="output/screenshots/TC-006%20Tri%20des%20produits%20par%20prix%20croissant_after_login.png"&gt;&lt;img src="output/screenshots/TC-006%20Tri%20des%20produits%20par%20prix%20croissant_after_login.png" width="800px"&gt;&lt;/a&gt;</msg>
<arg>${_safe}_after_login.png</arg>
<doc>Takes a screenshot of the current page and embeds it into a log file.</doc>
<status status="PASS" start="2026-05-14T12:03:44.163984" elapsed="0.295415"/>
</kw>
<arg>standard_user</arg>
<arg>secret_sauce</arg>
<status status="PASS" start="2026-05-14T12:03:36.650622" elapsed="7.808924"/>
</kw>
<kw name="Smart Click">
<kw name="Resolved Selector">
<kw name="Run Keyword And Return Status" owner="BuiltIn">
<kw name="Wait Until Element Is Visible" owner="SeleniumLibrary">
<arg>${primary}</arg>
<arg>15s</arg>
<doc>Waits until the element ``locator`` is visible.</doc>
<status status="PASS" start="2026-05-14T12:03:44.464713" elapsed="0.033124"/>
</kw>
<msg time="2026-05-14T12:03:44.498142" level="INFO">${ok} = True</msg>
<var>${ok}</var>
<arg>Wait Until Element Is Visible</arg>
<arg>${primary}</arg>
<arg>15s</arg>
<doc>Runs the specified keyword and returns the status as a Boolean value.</doc>
<status status="PASS" start="2026-05-14T12:03:44.461219" elapsed="0.036964"/>
</kw>
<if>
<branch type="IF" condition="${ok}">
<return>
<value>${primary}</value>
<status status="PASS" start="2026-05-14T12:03:44.498570" elapsed="0.000064"/>
</return>
<status status="PASS" start="2026-05-14T12:03:44.498395" elapsed="0.000293"/>
</branch>
<status status="PASS" start="2026-05-14T12:03:44.498346" elapsed="0.000416"/>
</if>
<kw name="Log" owner="BuiltIn">
<arg>Healing '${label}' (${role}) — primary selector not visible</arg>
<arg>level=WARN</arg>
<doc>Logs the given message with the given level.</doc>
<status status="NOT RUN" start="2026-05-14T12:03:44.499015" elapsed="0.000065"/>
</kw>
<kw name="Heal Selector By Label" owner="rf_agent.healer_runtime">
<var>${new}</var>
<arg>${label}</arg>
<arg>${role}</arg>
<doc>Robot keyword: find a fresh selector for an element matching (label, role)
in the live browser page. Returns "" when no match (caller decides — the
Smart wrappers then let the original failure surface to keep the test
honest).</doc>
<status status="NOT RUN" start="2026-05-14T12:03:44.499294" elapsed="0.000055"/>
</kw>
<kw name="Should Not Be Empty" owner="BuiltIn">
<arg>${new}</arg>
<arg>Could not heal '${label}' (${role}) — element not on page</arg>
<doc>Verifies that the given item is not empty.</doc>
<status status="NOT RUN" start="2026-05-14T12:03:44.499546" elapsed="0.000052"/>
</kw>
<kw name="Wait Until Element Is Visible" owner="SeleniumLibrary">
<arg>${new}</arg>
<arg>10s</arg>
<doc>Waits until the element ``locator`` is visible.</doc>
<status status="NOT RUN" start="2026-05-14T12:03:44.499796" elapsed="0.000061"/>
</kw>
<return>
<value>${new}</value>
<status status="NOT RUN" start="2026-05-14T12:03:44.499940" elapsed="0.000027"/>
</return>
<msg time="2026-05-14T12:03:44.500135" level="INFO">${sel} = xpath://select[@data-test='product-sort-container']</msg>
<var>${sel}</var>
<arg>${label}</arg>
<arg>${role}</arg>
<arg>${primary}</arg>
<status status="PASS" start="2026-05-14T12:03:44.460846" elapsed="0.039327"/>
</kw>
<kw name="Click Element" owner="SeleniumLibrary">
<msg time="2026-05-14T12:03:44.500577" level="INFO">Clicking element 'xpath://select[@data-test='product-sort-container']'.</msg>
<arg>${sel}</arg>
<doc>Click the element identified by ``locator``.</doc>
<status status="PASS" start="2026-05-14T12:03:44.500324" elapsed="0.102608"/>
</kw>
<arg>${EMPTY}</arg>
<arg>select</arg>
<arg>xpath://select[@data-test='product-sort-container']</arg>
<status status="PASS" start="2026-05-14T12:03:44.460037" elapsed="0.143050"/>
</kw>
<kw name="Smart Select By Label">
<kw name="Run Keyword And Return Status" owner="BuiltIn">
<kw name="Wait Until Page Contains Element" owner="SeleniumLibrary">
<arg>${primary}</arg>
<arg>15s</arg>
<doc>Waits until the element ``locator`` appears on the current page.</doc>
<status status="PASS" start="2026-05-14T12:03:44.604821" elapsed="0.010210"/>
</kw>
<msg time="2026-05-14T12:03:44.615364" level="INFO">${ok} = True</msg>
<var>${ok}</var>
<arg>Wait Until Page Contains Element</arg>
<arg>${primary}</arg>
<arg>15s</arg>
<doc>Runs the specified keyword and returns the status as a Boolean value.</doc>
<status status="PASS" start="2026-05-14T12:03:44.604403" elapsed="0.011007"/>
</kw>
<kw name="Set Variable If" owner="BuiltIn">
<msg time="2026-05-14T12:03:44.616580" level="INFO">${sel} = xpath://select[@data-test='product-sort-container']</msg>
<var>${sel}</var>
<arg>${ok}</arg>
<arg>${primary}</arg>
<arg>${EMPTY}</arg>
<doc>Sets variable based on the given condition.</doc>
<status status="PASS" start="2026-05-14T12:03:44.615740" elapsed="0.000917"/>
</kw>
<if>
<branch type="IF" condition="not ${ok}">
<kw name="Heal Selector By Label" owner="rf_agent.healer_runtime">
<var>${sel}</var>
<arg>${label}</arg>
<arg>${role}</arg>
<doc>Robot keyword: find a fresh selector for an element matching (label, role)
in the live browser page. Returns "" when no match (caller decides — the
Smart wrappers then let the original failure surface to keep the test
honest).</doc>
<status status="NOT RUN" start="2026-05-14T12:03:44.617325" elapsed="0.000042"/>
</kw>
<kw name="Should Not Be Empty" owner="BuiltIn">
<arg>${sel}</arg>
<arg>Could not heal '${label}' (${role}) — select not on page</arg>
<doc>Verifies that the given item is not empty.</doc>
<status status="NOT RUN" start="2026-05-14T12:03:44.617610" elapsed="0.000045"/>
</kw>
<kw name="Wait Until Page Contains Element" owner="SeleniumLibrary">
<arg>${sel}</arg>
<arg>10s</arg>
<doc>Waits until the element ``locator`` appears on the current page.</doc>
<status status="NOT RUN" start="2026-05-14T12:03:44.617833" elapsed="0.000049"/>
</kw>
<status status="NOT RUN" start="2026-05-14T12:03:44.616895" elapsed="0.001057"/>
</branch>
<status status="PASS" start="2026-05-14T12:03:44.616842" elapsed="0.001193"/>
</if>
<kw name="Select From List By Label" owner="SeleniumLibrary">
<msg time="2026-05-14T12:03:44.618600" level="INFO">Selecting options from selection list 'xpath://select[@data-test='product-sort-container']' by label Price (low to high).</msg>
<arg>${sel}</arg>
<arg>${value}</arg>
<doc>Selects options from selection list ``locator`` by ``labels``.</doc>
<status status="PASS" start="2026-05-14T12:03:44.618192" elapsed="0.186107"/>
</kw>
<arg>${EMPTY}</arg>
<arg>select</arg>
<arg>xpath://select[@data-test='product-sort-container']</arg>
<arg>Price (low to high)</arg>
<status status="PASS" start="2026-05-14T12:03:44.603706" elapsed="0.200744"/>
</kw>
<kw name="Smart Wait">
<kw name="Resolved Selector">
<kw name="Run Keyword And Return Status" owner="BuiltIn">
<kw name="Wait Until Element Is Visible" owner="SeleniumLibrary">
<arg>${primary}</arg>
<arg>15s</arg>
<doc>Waits until the element ``locator`` is visible.</doc>
<status status="PASS" start="2026-05-14T12:03:44.806418" elapsed="0.026500"/>
</kw>
<msg time="2026-05-14T12:03:44.833148" level="INFO">${ok} = True</msg>
<var>${ok}</var>
<arg>Wait Until Element Is Visible</arg>
<arg>${primary}</arg>
<arg>15s</arg>
<doc>Runs the specified keyword and returns the status as a Boolean value.</doc>
<status status="PASS" start="2026-05-14T12:03:44.805831" elapsed="0.027352"/>
</kw>
<if>
<branch type="IF" condition="${ok}">
<return>
<value>${primary}</value>
<status status="PASS" start="2026-05-14T12:03:44.833440" elapsed="0.000071"/>
</return>
<status status="PASS" start="2026-05-14T12:03:44.833318" elapsed="0.000254"/>
</branch>
<status status="PASS" start="2026-05-14T12:03:44.833279" elapsed="0.000343"/>
</if>
<kw name="Log" owner="BuiltIn">
<arg>Healing '${label}' (${role}) — primary selector not visible</arg>
<arg>level=WARN</arg>
<doc>Logs the given message with the given level.</doc>
<status status="NOT RUN" start="2026-05-14T12:03:44.833779" elapsed="0.000038"/>
</kw>
<kw name="Heal Selector By Label" owner="rf_agent.healer_runtime">
<var>${new}</var>
<arg>${label}</arg>
<arg>${role}</arg>
<doc>Robot keyword: find a fresh selector for an element matching (label, role)
in the live browser page. Returns "" when no match (caller decides — the
Smart wrappers then let the original failure surface to keep the test
honest).</doc>
<status status="NOT RUN" start="2026-05-14T12:03:44.833946" elapsed="0.000034"/>
</kw>
<kw name="Should Not Be Empty" owner="BuiltIn">
<arg>${new}</arg>
<arg>Could not heal '${label}' (${role}) — element not on page</arg>
<doc>Verifies that the given item is not empty.</doc>
<status status="NOT RUN" start="2026-05-14T12:03:44.834114" elapsed="0.000033"/>
</kw>
<kw name="Wait Until Element Is Visible" owner="SeleniumLibrary">
<arg>${new}</arg>
<arg>10s</arg>
<doc>Waits until the element ``locator`` is visible.</doc>
<status status="NOT RUN" start="2026-05-14T12:03:44.834361" elapsed="0.000056"/>
</kw>
<return>
<value>${new}</value>
<status status="NOT RUN" start="2026-05-14T12:03:44.834533" elapsed="0.000053"/>
</return>
<arg>${label}</arg>
<arg>${role}</arg>
<arg>${primary}</arg>
<status status="PASS" start="2026-05-14T12:03:44.805479" elapsed="0.029349"/>
</kw>
<arg>Sauce Labs Onesie</arg>
<arg>link</arg>
<arg>xpath://a[@id='item_2_title_link']</arg>
<status status="PASS" start="2026-05-14T12:03:44.805001" elapsed="0.030111"/>
</kw>
<kw name="Element Should Contain" owner="SeleniumLibrary">
<msg time="2026-05-14T12:03:45.123471" level="INFO" html="true">&lt;/td&gt;&lt;/tr&gt;&lt;tr&gt;&lt;td colspan="3"&gt;&lt;a href="output/screenshots/selenium-screenshot-145.png"&gt;&lt;img src="output/screenshots/selenium-screenshot-145.png" width="800px"&gt;&lt;/a&gt;</msg>
<msg time="2026-05-14T12:03:45.123687" level="FAIL">Element 'xpath://a[@id='item_2_title_link']' should have contained text '$7.99' but its text was 'Sauce Labs Onesie'.</msg>
<arg>xpath://a[@id='item_2_title_link']</arg>
<arg>$7.99</arg>
<doc>Verifies that element ``locator`` contains text ``expected``.</doc>
<status status="FAIL" start="2026-05-14T12:03:44.835680" elapsed="0.289347">Element 'xpath://a[@id='item_2_title_link']' should have contained text '$7.99' but its text was 'Sauce Labs Onesie'.</status>
</kw>
<kw name="Capture Page Screenshot" owner="SeleniumLibrary">
<arg>TC-006_final.png</arg>
<doc>Takes a screenshot of the current page and embeds it into a log file.</doc>
<status status="NOT RUN" start="2026-05-14T12:03:45.125735" elapsed="0.000049"/>
</kw>
<kw name="Run Keyword And Ignore Error" owner="BuiltIn" type="TEARDOWN">
<kw name="Close All Browsers" owner="SeleniumLibrary">
<doc>Closes all open browsers and resets the browser cache.</doc>
<status status="PASS" start="2026-05-14T12:03:45.127225" elapsed="2.174642"/>
</kw>
<arg>Close All Browsers</arg>
<doc>Runs the given keyword with the given arguments and ignores possible error.</doc>
<status status="PASS" start="2026-05-14T12:03:45.126552" elapsed="2.175581"/>
</kw>
<doc>Test case to verify products sorting by price in ascending order</doc>
<status status="FAIL" start="2026-05-14T12:03:36.648876" elapsed="10.653775">Element 'xpath://a[@id='item_2_title_link']' should have contained text '$7.99' but its text was 'Sauce Labs Onesie'.</status>
</test>
<test id="s1-t7" name="TC-007 Tri des produits par nom décroissant (Z à A)" line="122">
<kw name="Open App And Login">
<kw name="Replace String" owner="String">
<msg time="2026-05-14T12:03:47.307133" level="INFO">${_pre} = TC-007 Tri des produits par nom décroissant (Z à A)</msg>
<var>${_pre}</var>
<arg>${TEST NAME}</arg>
<arg>"</arg>
<arg>_</arg>
<doc>Replaces ``search_for`` in the given ``string`` with ``replace_with``.</doc>
<status status="PASS" start="2026-05-14T12:03:47.306649" elapsed="0.000558"/>
</kw>
<kw name="Evaluate" owner="BuiltIn">
<msg time="2026-05-14T12:03:47.308867" level="INFO">${_safe} = TC-007 Tri des produits par nom décroissant _Z à A_</msg>
<var>${_safe}</var>
<arg>''.join('_' if c in r'&lt;&gt;:"/\|?*()' else c for c in """${_pre}""")</arg>
<doc>Evaluates the given expression in Python and returns the result.</doc>
<status status="PASS" start="2026-05-14T12:03:47.307542" elapsed="0.001431"/>
</kw>
<kw name="Open Browser" owner="SeleniumLibrary">
<msg time="2026-05-14T12:03:47.309863" level="INFO">Opening browser 'chrome' to base url 'https://www.saucedemo.com/'.</msg>
<arg>${BASE_URL}</arg>
<arg>chrome</arg>
<arg>options=add_argument("--incognito");add_argument("--disable-popup-blocking")</arg>
<doc>Opens a new browser instance to the optional ``url``.</doc>
<status status="PASS" start="2026-05-14T12:03:47.309398" elapsed="1.280096"/>
</kw>
<kw name="Set Window Size" owner="SeleniumLibrary">
<arg>1920</arg>
<arg>1080</arg>
<doc>Sets current windows size to given ``width`` and ``height``.</doc>
<status status="PASS" start="2026-05-14T12:03:48.589991" elapsed="0.368521"/>
</kw>
<kw name="Set Screenshot Directory" owner="SeleniumLibrary">
<arg>${SCREENSHOT_ROOT}</arg>
<doc>Sets the directory for captured screenshots.</doc>
<status status="PASS" start="2026-05-14T12:03:48.958897" elapsed="0.000752"/>
</kw>
<kw name="Sleep" owner="BuiltIn">
<msg time="2026-05-14T12:03:51.961266" level="INFO">Slept 3 seconds.</msg>
<arg>3s</arg>
<doc>Pauses the test executed for the given time.</doc>
<status status="PASS" start="2026-05-14T12:03:48.959935" elapsed="3.001689"/>
</kw>
<kw name="Capture Page Screenshot" owner="SeleniumLibrary">
<msg time="2026-05-14T12:03:52.103941" level="INFO" html="true">&lt;/td&gt;&lt;/tr&gt;&lt;tr&gt;&lt;td colspan="3"&gt;&lt;a href="output/screenshots/TC-007%20Tri%20des%20produits%20par%20nom%20d%C3%A9croissant%20_Z%20%C3%A0%20A__initial.png"&gt;&lt;img src="output/screenshots/TC-007%20Tri%20des%20produits%20par%20nom%20d%C3%A9croissant%20_Z%20%C3%A0%20A__initial.png" width="800px"&gt;&lt;/a&gt;</msg>
<arg>${_safe}_initial.png</arg>
<doc>Takes a screenshot of the current page and embeds it into a log file.</doc>
<status status="PASS" start="2026-05-14T12:03:51.962202" elapsed="0.141910"/>
</kw>
<kw name="Wait Until Element Is Visible" owner="SeleniumLibrary">
<arg>xpath://input[@placeholder='Username']</arg>
<arg>15s</arg>
<doc>Waits until the element ``locator`` is visible.</doc>
<status status="PASS" start="2026-05-14T12:03:52.104400" elapsed="0.060636"/>
</kw>
<kw name="Input Text" owner="SeleniumLibrary">
<msg time="2026-05-14T12:03:52.165687" level="INFO">Typing text 'standard_user' into text field 'xpath://input[@placeholder='Username']'.</msg>
<arg>xpath://input[@placeholder='Username']</arg>
<arg>${username}</arg>
<doc>Types the given ``text`` into the text field identified by ``locator``.</doc>
<status status="PASS" start="2026-05-14T12:03:52.165311" elapsed="0.150064"/>
</kw>
<kw name="Wait Until Element Is Visible" owner="SeleniumLibrary">
<arg>xpath://input[@type='password']</arg>
<arg>15s</arg>
<doc>Waits until the element ``locator`` is visible.</doc>
<status status="PASS" start="2026-05-14T12:03:52.315646" elapsed="0.024636"/>
</kw>
<kw name="Input Text" owner="SeleniumLibrary">
<msg time="2026-05-14T12:03:52.340770" level="INFO">Typing text 'secret_sauce' into text field 'xpath://input[@type='password']'.</msg>
<arg>xpath://input[@type='password']</arg>
<arg>${password}</arg>
<doc>Types the given ``text`` into the text field identified by ``locator``.</doc>
<status status="PASS" start="2026-05-14T12:03:52.340504" elapsed="0.130468"/>
</kw>
<kw name="Wait Until Element Is Visible" owner="SeleniumLibrary">
<arg>xpath://*[@type='submit']</arg>
<arg>15s</arg>
<doc>Waits until the element ``locator`` is visible.</doc>
<status status="PASS" start="2026-05-14T12:03:52.471201" elapsed="0.026020"/>
</kw>
<kw name="Click Element" owner="SeleniumLibrary">
<msg time="2026-05-14T12:03:52.497828" level="INFO">Clicking element 'xpath://*[@type='submit']'.</msg>
<arg>xpath://*[@type='submit']</arg>
<doc>Click the element identified by ``locator``.</doc>
<status status="PASS" start="2026-05-14T12:03:52.497518" elapsed="0.145504"/>
</kw>
<kw name="Sleep" owner="BuiltIn">
<msg time="2026-05-14T12:03:54.644135" level="INFO">Slept 2 seconds.</msg>
<arg>2s</arg>
<doc>Pauses the test executed for the given time.</doc>
<status status="PASS" start="2026-05-14T12:03:52.643285" elapsed="2.001084"/>
</kw>
<kw name="Run Keyword And Return Status" owner="BuiltIn">
<kw name="Wait Until Page Contains" owner="SeleniumLibrary">
<arg>Products</arg>
<arg>8s</arg>
<doc>Waits until ``text`` appears on the current page.</doc>
<status status="PASS" start="2026-05-14T12:03:54.645543" elapsed="0.025787"/>
</kw>
<arg>Wait Until Page Contains</arg>
<arg>Products</arg>
<arg>8s</arg>
<doc>Runs the specified keyword and returns the status as a Boolean value.</doc>
<status status="PASS" start="2026-05-14T12:03:54.644782" elapsed="0.026792"/>
</kw>
<kw name="Capture Page Screenshot" owner="SeleniumLibrary">
<msg time="2026-05-14T12:03:54.941716" level="INFO" html="true">&lt;/td&gt;&lt;/tr&gt;&lt;tr&gt;&lt;td colspan="3"&gt;&lt;a href="output/screenshots/TC-007%20Tri%20des%20produits%20par%20nom%20d%C3%A9croissant%20_Z%20%C3%A0%20A__after_login.png"&gt;&lt;img src="output/screenshots/TC-007%20Tri%20des%20produits%20par%20nom%20d%C3%A9croissant%20_Z%20%C3%A0%20A__after_login.png" width="800px"&gt;&lt;/a&gt;</msg>
<arg>${_safe}_after_login.png</arg>
<doc>Takes a screenshot of the current page and embeds it into a log file.</doc>
<status status="PASS" start="2026-05-14T12:03:54.671893" elapsed="0.270087"/>
</kw>
<arg>standard_user</arg>
<arg>secret_sauce</arg>
<status status="PASS" start="2026-05-14T12:03:47.305911" elapsed="7.636323"/>
</kw>
<kw name="Smart Click">
<kw name="Resolved Selector">
<kw name="Run Keyword And Return Status" owner="BuiltIn">
<kw name="Wait Until Element Is Visible" owner="SeleniumLibrary">
<arg>${primary}</arg>
<arg>15s</arg>
<doc>Waits until the element ``locator`` is visible.</doc>
<status status="PASS" start="2026-05-14T12:03:54.946237" elapsed="0.030055"/>
</kw>
<msg time="2026-05-14T12:03:54.976718" level="INFO">${ok} = True</msg>
<var>${ok}</var>
<arg>Wait Until Element Is Visible</arg>
<arg>${primary}</arg>
<arg>15s</arg>
<doc>Runs the specified keyword and returns the status as a Boolean value.</doc>
<status status="PASS" start="2026-05-14T12:03:54.945285" elapsed="0.031522"/>
</kw>
<if>
<branch type="IF" condition="${ok}">
<return>
<value>${primary}</value>
<status status="PASS" start="2026-05-14T12:03:54.977243" elapsed="0.000102"/>
</return>
<status status="PASS" start="2026-05-14T12:03:54.977091" elapsed="0.000365"/>
</branch>
<status status="PASS" start="2026-05-14T12:03:54.977015" elapsed="0.000537"/>
</if>
<kw name="Log" owner="BuiltIn">
<arg>Healing '${label}' (${role}) — primary selector not visible</arg>
<arg>level=WARN</arg>
<doc>Logs the given message with the given level.</doc>
<status status="NOT RUN" start="2026-05-14T12:03:54.977738" elapsed="0.000046"/>
</kw>
<kw name="Heal Selector By Label" owner="rf_agent.healer_runtime">
<var>${new}</var>
<arg>${label}</arg>
<arg>${role}</arg>
<doc>Robot keyword: find a fresh selector for an element matching (label, role)
in the live browser page. Returns "" when no match (caller decides — the
Smart wrappers then let the original failure surface to keep the test
honest).</doc>
<status status="NOT RUN" start="2026-05-14T12:03:54.977911" elapsed="0.000028"/>
</kw>
[...]
<status status="PASS" start="2026-05-14T12:09:03.188749" elapsed="3.001305"/>
</kw>
<kw name="Capture Page Screenshot" owner="SeleniumLibrary">
<msg time="2026-05-14T12:09:06.411207" level="INFO" html="true">&lt;/td&gt;&lt;/tr&gt;&lt;tr&gt;&lt;td colspan="3"&gt;&lt;a href="output/screenshots/TC-020%20Tentative%20d%27ajout%20d%27un%20produit%20d%C3%A9j%C3%A0%20pr%C3%A9sent%20dans%20le%20panier%20_Idempotence__initial.png"&gt;&lt;img src="output/screenshots/TC-020%20Tentative%20d%27ajout%20d%27un%20produit%20d%C3%A9j%C3%A0%20pr%C3%A9sent%20dans%20le%20panier%20_Idempotence__initial.png" width="800px"&gt;&lt;/a&gt;</msg>
<arg>${_safe}_initial.png</arg>
<doc>Takes a screenshot of the current page and embeds it into a log file.</doc>
<status status="PASS" start="2026-05-14T12:09:06.190475" elapsed="0.220993"/>
</kw>
<kw name="Wait Until Element Is Visible" owner="SeleniumLibrary">
<arg>xpath://input[@placeholder='Username']</arg>
<arg>15s</arg>
<doc>Waits until the element ``locator`` is visible.</doc>
<status status="PASS" start="2026-05-14T12:09:06.411869" elapsed="0.042513"/>
</kw>
<kw name="Input Text" owner="SeleniumLibrary">
<msg time="2026-05-14T12:09:06.455299" level="INFO">Typing text 'standard_user' into text field 'xpath://input[@placeholder='Username']'.</msg>
<arg>xpath://input[@placeholder='Username']</arg>
<arg>${username}</arg>
<doc>Types the given ``text`` into the text field identified by ``locator``.</doc>
<status status="PASS" start="2026-05-14T12:09:06.454778" elapsed="0.261884"/>
</kw>
<kw name="Wait Until Element Is Visible" owner="SeleniumLibrary">
<arg>xpath://input[@type='password']</arg>
<arg>15s</arg>
<doc>Waits until the element ``locator`` is visible.</doc>
<status status="PASS" start="2026-05-14T12:09:06.717056" elapsed="0.037952"/>
</kw>
<kw name="Input Text" owner="SeleniumLibrary">
<msg time="2026-05-14T12:09:06.756062" level="INFO">Typing text 'secret_sauce' into text field 'xpath://input[@type='password']'.</msg>
<arg>xpath://input[@type='password']</arg>
<arg>${password}</arg>
<doc>Types the given ``text`` into the text field identified by ``locator``.</doc>
<status status="PASS" start="2026-05-14T12:09:06.755438" elapsed="0.163675"/>
</kw>
<kw name="Wait Until Element Is Visible" owner="SeleniumLibrary">
<arg>xpath://*[@type='submit']</arg>
<arg>15s</arg>
<doc>Waits until the element ``locator`` is visible.</doc>
<status status="PASS" start="2026-05-14T12:09:06.919351" elapsed="0.034588"/>
</kw>
<kw name="Click Element" owner="SeleniumLibrary">
<msg time="2026-05-14T12:09:06.954750" level="INFO">Clicking element 'xpath://*[@type='submit']'.</msg>
<arg>xpath://*[@type='submit']</arg>
<doc>Click the element identified by ``locator``.</doc>
<status status="PASS" start="2026-05-14T12:09:06.954339" elapsed="0.233221"/>
</kw>
<kw name="Sleep" owner="BuiltIn">
<msg time="2026-05-14T12:09:09.190049" level="INFO">Slept 2 seconds.</msg>
<arg>2s</arg>
<doc>Pauses the test executed for the given time.</doc>
<status status="PASS" start="2026-05-14T12:09:07.187879" elapsed="2.002415"/>
</kw>
<kw name="Run Keyword And Return Status" owner="BuiltIn">
<kw name="Wait Until Page Contains" owner="SeleniumLibrary">
<arg>Products</arg>
<arg>8s</arg>
<doc>Waits until ``text`` appears on the current page.</doc>
<status status="PASS" start="2026-05-14T12:09:09.190988" elapsed="0.020789"/>
</kw>
<arg>Wait Until Page Contains</arg>
<arg>Products</arg>
<arg>8s</arg>
<doc>Runs the specified keyword and returns the status as a Boolean value.</doc>
<status status="PASS" start="2026-05-14T12:09:09.190543" elapsed="0.021494"/>
</kw>
<kw name="Capture Page Screenshot" owner="SeleniumLibrary">
<msg time="2026-05-14T12:09:09.611865" level="INFO" html="true">&lt;/td&gt;&lt;/tr&gt;&lt;tr&gt;&lt;td colspan="3"&gt;&lt;a href="output/screenshots/TC-020%20Tentative%20d%27ajout%20d%27un%20produit%20d%C3%A9j%C3%A0%20pr%C3%A9sent%20dans%20le%20panier%20_Idempotence__after_login.png"&gt;&lt;img src="output/screenshots/TC-020%20Tentative%20d%27ajout%20d%27un%20produit%20d%C3%A9j%C3%A0%20pr%C3%A9sent%20dans%20le%20panier%20_Idempotence__after_login.png" width="800px"&gt;&lt;/a&gt;</msg>
<arg>${_safe}_after_login.png</arg>
<doc>Takes a screenshot of the current page and embeds it into a log file.</doc>
<status status="PASS" start="2026-05-14T12:09:09.212568" elapsed="0.399631"/>
</kw>
<arg>standard_user</arg>
<arg>secret_sauce</arg>
<status status="PASS" start="2026-05-14T12:08:59.709863" elapsed="9.902578"/>
</kw>
<kw name="Smart Click">
<kw name="Resolved Selector">
<kw name="Run Keyword And Return Status" owner="BuiltIn">
<kw name="Wait Until Element Is Visible" owner="SeleniumLibrary">
<arg>${primary}</arg>
<arg>15s</arg>
<doc>Waits until the element ``locator`` is visible.</doc>
<status status="PASS" start="2026-05-14T12:09:09.615845" elapsed="0.033820"/>
</kw>
<msg time="2026-05-14T12:09:09.650071" level="INFO">${ok} = True</msg>
<var>${ok}</var>
<arg>Wait Until Element Is Visible</arg>
<arg>${primary}</arg>
<arg>15s</arg>
<doc>Runs the specified keyword and returns the status as a Boolean value.</doc>
<status status="PASS" start="2026-05-14T12:09:09.614872" elapsed="0.035286"/>
</kw>
<if>
<branch type="IF" condition="${ok}">
<return>
<value>${primary}</value>
<status status="PASS" start="2026-05-14T12:09:09.650702" elapsed="0.000102"/>
</return>
<status status="PASS" start="2026-05-14T12:09:09.650457" elapsed="0.000480"/>
</branch>
<status status="PASS" start="2026-05-14T12:09:09.650389" elapsed="0.000659"/>
</if>
<kw name="Log" owner="BuiltIn">
<arg>Healing '${label}' (${role}) — primary selector not visible</arg>
<arg>level=WARN</arg>
<doc>Logs the given message with the given level.</doc>
<status status="NOT RUN" start="2026-05-14T12:09:09.651383" elapsed="0.000095"/>
</kw>
<kw name="Heal Selector By Label" owner="rf_agent.healer_runtime">
<var>${new}</var>
<arg>${label}</arg>
<arg>${role}</arg>
<doc>Robot keyword: find a fresh selector for an element matching (label, role)
in the live browser page. Returns "" when no match (caller decides — the
Smart wrappers then let the original failure surface to keep the test
honest).</doc>
<status status="NOT RUN" start="2026-05-14T12:09:09.651770" elapsed="0.000080"/>
</kw>
<kw name="Should Not Be Empty" owner="BuiltIn">
<arg>${new}</arg>
<arg>Could not heal '${label}' (${role}) — element not on page</arg>
<doc>Verifies that the given item is not empty.</doc>
<status status="NOT RUN" start="2026-05-14T12:09:09.652146" elapsed="0.000077"/>
</kw>
<kw name="Wait Until Element Is Visible" owner="SeleniumLibrary">
<arg>${new}</arg>
<arg>10s</arg>
<doc>Waits until the element ``locator`` is visible.</doc>
<status status="NOT RUN" start="2026-05-14T12:09:09.652519" elapsed="0.000069"/>
</kw>
<return>
<value>${new}</value>
<status status="NOT RUN" start="2026-05-14T12:09:09.652737" elapsed="0.000058"/>
</return>
<msg time="2026-05-14T12:09:09.653145" level="INFO">${sel} = xpath://a[@id='item_4_title_link']</msg>
<var>${sel}</var>
<arg>${label}</arg>
<arg>${role}</arg>
<arg>${primary}</arg>
<status status="PASS" start="2026-05-14T12:09:09.614062" elapsed="0.039157"/>
</kw>
<kw name="Click Element" owner="SeleniumLibrary">
<msg time="2026-05-14T12:09:09.654015" level="INFO">Clicking element 'xpath://a[@id='item_4_title_link']'.</msg>
<arg>${sel}</arg>
<doc>Click the element identified by ``locator``.</doc>
<status status="PASS" start="2026-05-14T12:09:09.653539" elapsed="0.172985"/>
</kw>
<arg>Sauce Labs Backpack</arg>
<arg>link</arg>
<arg>xpath://a[@id='item_4_title_link']</arg>
<status status="PASS" start="2026-05-14T12:09:09.613106" elapsed="0.213672"/>
</kw>
<kw name="Smart Click">
<kw name="Resolved Selector">
<kw name="Run Keyword And Return Status" owner="BuiltIn">
<kw name="Wait Until Element Is Visible" owner="SeleniumLibrary">
<msg time="2026-05-14T12:09:25.154641" level="INFO" html="true">&lt;/td&gt;&lt;/tr&gt;&lt;tr&gt;&lt;td colspan="3"&gt;&lt;a href="output/screenshots/selenium-screenshot-159.png"&gt;&lt;img src="output/screenshots/selenium-screenshot-159.png" width="800px"&gt;&lt;/a&gt;</msg>
<msg time="2026-05-14T12:09:25.154952" level="FAIL">Element 'xpath://button[@id='add-to-cart-sauce-labs-backpack']' not visible after 15 seconds.</msg>
<arg>${primary}</arg>
<arg>15s</arg>
<doc>Waits until the element ``locator`` is visible.</doc>
<status status="FAIL" start="2026-05-14T12:09:09.830319" elapsed="15.326903">Element 'xpath://button[@id='add-to-cart-sauce-labs-backpack']' not visible after 15 seconds.</status>
</kw>
<msg time="2026-05-14T12:09:25.157590" level="INFO">${ok} = False</msg>
<var>${ok}</var>
<arg>Wait Until Element Is Visible</arg>
<arg>${primary}</arg>
<arg>15s</arg>
<doc>Runs the specified keyword and returns the status as a Boolean value.</doc>
<status status="PASS" start="2026-05-14T12:09:09.829529" elapsed="15.328128"/>
</kw>
<if>
<branch type="IF" condition="${ok}">
<return>
<value>${primary}</value>
<status status="NOT RUN" start="2026-05-14T12:09:25.158145" elapsed="0.000064"/>
</return>
<status status="NOT RUN" start="2026-05-14T12:09:25.157921" elapsed="0.000408"/>
</branch>
<status status="PASS" start="2026-05-14T12:09:25.157855" elapsed="0.000565"/>
</if>
<kw name="Log" owner="BuiltIn">
<msg time="2026-05-14T12:09:25.159560" level="WARN">Healing 'Add to cart' (button) — primary selector not visible</msg>
<arg>Healing '${label}' (${role}) — primary selector not visible</arg>
<arg>level=WARN</arg>
<doc>Logs the given message with the given level.</doc>
<status status="PASS" start="2026-05-14T12:09:25.158668" elapsed="0.002112"/>
</kw>
<kw name="Heal Selector By Label" owner="rf_agent.healer_runtime">
<msg time="2026-05-14T12:09:25.177067" level="INFO">Heal Selector By Label: 'Add to cart' (button) -&gt; xpath://button[@id='add-to-cart']</msg>
<msg time="2026-05-14T12:09:25.177353" level="INFO">${new} = xpath://button[@id='add-to-cart']</msg>
<var>${new}</var>
<arg>${label}</arg>
<arg>${role}</arg>
<doc>Robot keyword: find a fresh selector for an element matching (label, role)
in the live browser page. Returns "" when no match (caller decides — the
Smart wrappers then let the original failure surface to keep the test
honest).</doc>
<status status="PASS" start="2026-05-14T12:09:25.161140" elapsed="0.016281"/>
</kw>
<kw name="Should Not Be Empty" owner="BuiltIn">
<msg time="2026-05-14T12:09:25.178630" level="INFO">Length is 33.</msg>
<arg>${new}</arg>
<arg>Could not heal '${label}' (${role}) — element not on page</arg>
<doc>Verifies that the given item is not empty.</doc>
<status status="PASS" start="2026-05-14T12:09:25.177742" elapsed="0.000997"/>
</kw>
<kw name="Wait Until Element Is Visible" owner="SeleniumLibrary">
<arg>${new}</arg>
<arg>10s</arg>
<doc>Waits until the element ``locator`` is visible.</doc>
<status status="PASS" start="2026-05-14T12:09:25.178995" elapsed="0.044562"/>
</kw>
<return>
<value>${new}</value>
<status status="PASS" start="2026-05-14T12:09:25.223770" elapsed="0.000107"/>
</return>
<msg time="2026-05-14T12:09:25.224232" level="INFO">${sel} = xpath://button[@id='add-to-cart']</msg>
<var>${sel}</var>
<arg>${label}</arg>
<arg>${role}</arg>
<arg>${primary}</arg>
<status status="PASS" start="2026-05-14T12:09:09.828627" elapsed="15.395674"/>
</kw>
<kw name="Click Element" owner="SeleniumLibrary">
<msg time="2026-05-14T12:09:25.225138" level="INFO">Clicking element 'xpath://button[@id='add-to-cart']'.</msg>
<arg>${sel}</arg>
<doc>Click the element identified by ``locator``.</doc>
<status status="PASS" start="2026-05-14T12:09:25.224665" elapsed="0.140462"/>
</kw>
<arg>Add to cart</arg>
<arg>button</arg>
<arg>xpath://button[@id='add-to-cart-sauce-labs-backpack']</arg>
<status status="PASS" start="2026-05-14T12:09:09.827505" elapsed="15.538028"/>
</kw>
<kw name="Smart Click">
<kw name="Resolved Selector">
<kw name="Run Keyword And Return Status" owner="BuiltIn">
<kw name="Wait Until Element Is Visible" owner="SeleniumLibrary">
<msg time="2026-05-14T12:09:40.753851" level="INFO" html="true">&lt;/td&gt;&lt;/tr&gt;&lt;tr&gt;&lt;td colspan="3"&gt;&lt;a href="output/screenshots/selenium-screenshot-160.png"&gt;&lt;img src="output/screenshots/selenium-screenshot-160.png" width="800px"&gt;&lt;/a&gt;</msg>
<msg time="2026-05-14T12:09:40.754849" level="FAIL">Element 'xpath://button[@id='add-to-cart-sauce-labs-backpack']' not visible after 15 seconds.</msg>
<arg>${primary}</arg>
<arg>15s</arg>
<doc>Waits until the element ``locator`` is visible.</doc>
<status status="FAIL" start="2026-05-14T12:09:25.369586" elapsed="15.387404">Element 'xpath://button[@id='add-to-cart-sauce-labs-backpack']' not visible after 15 seconds.</status>
</kw>
<msg time="2026-05-14T12:09:40.757348" level="INFO">${ok} = False</msg>
<var>${ok}</var>
<arg>Wait Until Element Is Visible</arg>
<arg>${primary}</arg>
<arg>15s</arg>
<doc>Runs the specified keyword and returns the status as a Boolean value.</doc>
<status status="PASS" start="2026-05-14T12:09:25.368784" elapsed="15.388638"/>
</kw>
<if>
<branch type="IF" condition="${ok}">
<return>
<value>${primary}</value>
<status status="NOT RUN" start="2026-05-14T12:09:40.757875" elapsed="0.000054"/>
</return>
<status status="NOT RUN" start="2026-05-14T12:09:40.757685" elapsed="0.000346"/>
</branch>
<status status="PASS" start="2026-05-14T12:09:40.757625" elapsed="0.000498"/>
</if>
<kw name="Log" owner="BuiltIn">
<msg time="2026-05-14T12:09:40.759248" level="WARN">Healing 'Add to cart' (button) — primary selector not visible</msg>
<arg>Healing '${label}' (${role}) — primary selector not visible</arg>
<arg>level=WARN</arg>
<doc>Logs the given message with the given level.</doc>
<status status="PASS" start="2026-05-14T12:09:40.758355" elapsed="0.002016"/>
</kw>
<kw name="Heal Selector By Label" owner="rf_agent.healer_runtime">
<msg time="2026-05-14T12:09:40.774853" level="WARN">Heal Selector By Label: no match for 'Add to cart' (button)</msg>
<msg time="2026-05-14T12:09:40.776040" level="INFO">${new} = </msg>
<var>${new}</var>
<arg>${label}</arg>
<arg>${role}</arg>
<doc>Robot keyword: find a fresh selector for an element matching (label, role)
in the live browser page. Returns "" when no match (caller decides — the
Smart wrappers then let the original failure surface to keep the test
honest).</doc>
<status status="PASS" start="2026-05-14T12:09:40.760726" elapsed="0.015406"/>
</kw>
<kw name="Should Not Be Empty" owner="BuiltIn">
<msg time="2026-05-14T12:09:40.777366" level="INFO">Length is 0.</msg>
<msg time="2026-05-14T12:09:40.777591" level="FAIL">Could not heal 'Add to cart' (button) — element not on page</msg>
<arg>${new}</arg>
<arg>Could not heal '${label}' (${role}) — element not on page</arg>
<doc>Verifies that the given item is not empty.</doc>
<status status="FAIL" start="2026-05-14T12:09:40.776496" elapsed="0.001258">Could not heal 'Add to cart' (button) — element not on page</status>
</kw>
<kw name="Wait Until Element Is Visible" owner="SeleniumLibrary">
<arg>${new}</arg>
<arg>10s</arg>
<doc>Waits until the element ``locator`` is visible.</doc>
<status status="NOT RUN" start="2026-05-14T12:09:40.778059" elapsed="0.000073"/>
</kw>
<return>
<value>${new}</value>
<status status="NOT RUN" start="2026-05-14T12:09:40.778268" elapsed="0.000064"/>
</return>
<var>${sel}</var>
<arg>${label}</arg>
<arg>${role}</arg>
<arg>${primary}</arg>
<status status="FAIL" start="2026-05-14T12:09:25.367853" elapsed="15.410718">Could not heal 'Add to cart' (button) — element not on page</status>
</kw>
<kw name="Click Element" owner="SeleniumLibrary">
<arg>${sel}</arg>
<doc>Click the element identified by ``locator``.</doc>
<status status="NOT RUN" start="2026-05-14T12:09:40.778858" elapsed="0.000064"/>
</kw>
<arg>Add to cart</arg>
<arg>button</arg>
<arg>xpath://button[@id='add-to-cart-sauce-labs-backpack']</arg>
<status status="FAIL" start="2026-05-14T12:09:25.366541" elapsed="15.412585">Could not heal 'Add to cart' (button) — element not on page</status>
</kw>
<kw name="Smart Wait">
<arg>Add to cart</arg>
<arg>button</arg>
<arg>xpath://button[@id='add-to-cart-sauce-labs-backpack']</arg>
<status status="NOT RUN" start="2026-05-14T12:09:40.780064" elapsed="0.000119"/>
</kw>
<kw name="Element Should Contain" owner="SeleniumLibrary">
<arg>xpath://button[@id='add-to-cart-sauce-labs-backpack']</arg>
<arg>Remove</arg>
<doc>Verifies that element ``locator`` contains text ``expected``.</doc>
<status status="NOT RUN" start="2026-05-14T12:09:40.780927" elapsed="0.000109"/>
</kw>
<kw name="Page Should Contain" owner="SeleniumLibrary">
<arg>1</arg>
<doc>Verifies that current page contains ``text``.</doc>
<status status="NOT RUN" start="2026-05-14T12:09:40.781783" elapsed="0.000092"/>
</kw>
<kw name="Capture Page Screenshot" owner="SeleniumLibrary">
<arg>TC-020_final.png</arg>
<doc>Takes a screenshot of the current page and embeds it into a log file.</doc>
<status status="NOT RUN" start="2026-05-14T12:09:40.782351" elapsed="0.000094"/>
</kw>
<kw name="Run Keyword And Ignore Error" owner="BuiltIn" type="TEARDOWN">
<kw name="Close All Browsers" owner="SeleniumLibrary">
<doc>Closes all open browsers and resets the browser cache.</doc>
<status status="PASS" start="2026-05-14T12:09:40.784090" elapsed="2.244084"/>
</kw>
<arg>Close All Browsers</arg>
<doc>Runs the given keyword with the given arguments and ignores possible error.</doc>
<status status="PASS" start="2026-05-14T12:09:40.783282" elapsed="2.245148"/>
</kw>
<doc>Test case to verify idempotence of adding a product to the cart</doc>
<status status="FAIL" start="2026-05-14T12:08:59.709455" elapsed="43.319448">Could not heal 'Add to cart' (button) — element not on page</status>
</test>
<status status="FAIL" start="2026-05-14T12:02:51.318583" elapsed="411.712788"/>
</suite>
<statistics>
<total>
<stat pass="9" fail="11" skip="0">All Tests</stat>
</total>
<tag>
</tag>
<suite>
<stat name="Rf Gen 1778754202" id="s1" pass="9" fail="11" skip="0">Rf Gen 1778754202</stat>
</suite>
</statistics>
<errors>
<msg time="2026-05-14T12:04:20.942406" level="WARN">Healing 'Sauce Labs Backpack' (link) — primary selector not visible</msg>
<msg time="2026-05-14T12:04:20.952605" level="WARN">Heal Selector By Label: no match for 'Sauce Labs Backpack' (link)</msg>
<msg time="2026-05-14T12:04:46.406253" level="WARN">Healing 'Add to cart' (button) — primary selector not visible</msg>
<msg time="2026-05-14T12:05:01.842669" level="WARN">Healing '' (link) — primary selector not visible</msg>
<msg time="2026-05-14T12:05:27.593101" level="WARN">Healing 'Add to cart' (button) — primary selector not visible</msg>
<msg time="2026-05-14T12:05:43.059284" level="WARN">Healing 'Add to cart' (button) — primary selector not visible</msg>
<msg time="2026-05-14T12:05:58.360776" level="WARN">Healing 'Add to cart' (button) — primary selector not visible</msg>
<msg time="2026-05-14T12:06:13.719080" level="WARN">Healing 'Add to cart' (button) — primary selector not visible</msg>
<msg time="2026-05-14T12:06:29.103450" level="WARN">Healing 'Add to cart' (button) — primary selector not visible</msg>
<msg time="2026-05-14T12:06:44.460321" level="WARN">Healing 'Add to cart' (button) — primary selector not visible</msg>
<msg time="2026-05-14T12:06:44.471558" level="WARN">Heal Selector By Label: no match for 'Add to cart' (button)</msg>
<msg time="2026-05-14T12:08:05.127929" level="WARN">Healing 'Add to cart' (button) — primary selector not visible</msg>
<msg time="2026-05-14T12:08:05.140273" level="WARN">Heal Selector By Label: no match for 'Add to cart' (button)</msg>
<msg time="2026-05-14T12:08:46.788254" level="WARN">Healing 'Add to cart' (button) — primary selector not visible</msg>
<msg time="2026-05-14T12:09:25.159560" level="WARN">Healing 'Add to cart' (button) — primary selector not visible</msg>
<msg time="2026-05-14T12:09:40.759248" level="WARN">Healing 'Add to cart' (button) — primary selector not visible</msg>
<msg time="2026-05-14T12:09:40.774853" level="WARN">Heal Selector By Label: no match for 'Add to cart' (button)</msg>
</errors>
</robot>
